0 info it worked if it ends with ok
1 verbose cli [
1 verbose cli   'C:\\Program Files\\nodejs\\node.exe',
1 verbose cli   'C:\\Users\\User\\AppData\\Roaming\\npm\\node_modules\\npm\\bin\\npm-cli.js',
1 verbose cli   'start'
1 verbose cli ]
2 info using npm@6.14.11
3 info using node@v12.18.4
4 verbose run-script [ 'prestart', 'start', 'poststart' ]
5 info lifecycle 1@1.0.0~prestart: 1@1.0.0
6 info lifecycle 1@1.0.0~start: 1@1.0.0
7 verbose lifecycle 1@1.0.0~start: unsafe-perm in lifecycle true
8 verbose lifecycle 1@1.0.0~start: PATH: C:\Users\User\AppData\Roaming\npm\node_modules\npm\node_modules\npm-lifecycle\node-gyp-bin;C:\Users\User\OneDrive\Documentos\Aulas\node\node_modules\.bin;C:\WINDOWS\system32;C:\WINDOWS;C:\WINDOWS\System32\Wbem;C:\WINDOWS\System32\WindowsPowerShell\v1.0\;C:\WINDOWS\System32\OpenSSH\;C:\Program Files\nodejs\;C:\Program Files\Git\cmd;C:\Users\User\AppData\Local\Microsoft\WindowsApps;;C:\Users\User\AppData\Local\Programs\Microsoft VS Code\bin;C:\Users\User\AppData\Roaming\npm
9 verbose lifecycle 1@1.0.0~start: CWD: C:\Users\User\OneDrive\Documentos\Aulas\node
10 silly lifecycle 1@1.0.0~start: Args: [ '/d /s /c', 'node server.js' ]
11 silly lifecycle 1@1.0.0~start: Returned: code: 1  signal: null
12 info lifecycle 1@1.0.0~start: Failed to exec start script
13 verbose stack Error: 1@1.0.0 start: `node server.js`
13 verbose stack Exit status 1
13 verbose stack     at EventEmitter.<anonymous> (C:\Users\User\AppData\Roaming\npm\node_modules\npm\node_modules\npm-lifecycle\index.js:332:16)
13 verbose stack     at EventEmitter.emit (events.js:315:20)
13 verbose stack     at ChildProcess.<anonymous> (C:\Users\User\AppData\Roaming\npm\node_modules\npm\node_modules\npm-lifecycle\lib\spawn.js:55:14)
13 verbose stack     at ChildProcess.emit (events.js:315:20)
13 verbose stack     at maybeClose (internal/child_process.js:1021:16)
13 verbose stack     at Process.ChildProcess._handle.onexit (internal/child_process.js:286:5)
14 verbose pkgid 1@1.0.0
15 verbose cwd C:\Users\User\OneDrive\Documentos\Aulas\node
16 verbose Windows_NT 10.0.21286
17 verbose argv "C:\\Program Files\\nodejs\\node.exe" "C:\\Users\\User\\AppData\\Roaming\\npm\\node_modules\\npm\\bin\\npm-cli.js" "start"
18 verbose node v12.18.4
19 verbose npm  v6.14.11
20 error code ELIFECYCLE
21 error errno 1
22 error 1@1.0.0 start: `node server.js`
22 error Exit status 1
23 error Failed at the 1@1.0.0 start script.
23 error This is probably not a problem with npm. There is likely additional logging output above.
24 verbose exit [ 1, true ]
