0 info it worked if it ends with ok
1 verbose cli [
1 verbose cli   'C:\\Program Files\\nodejs\\node.exe',
1 verbose cli   'C:\\Program Files\\nodejs\\node_modules\\npm\\bin\\npm-cli.js',
1 verbose cli   'install',
1 verbose cli   'sqlite3@4.0.2',
1 verbose cli   '--save-exact'
1 verbose cli ]
2 info using npm@6.14.6
3 info using node@v12.18.4
4 verbose npm-session 0448dfd28e1677ff
5 silly install loadCurrentTree
6 silly install readLocalPackageData
7 http fetch GET 200 https://registry.npmjs.org/sqlite3 751ms
8 silly pacote version manifest for sqlite3@4.0.2 fetched in 782ms
9 timing stage:loadCurrentTree Completed in 2181ms
10 silly install loadIdealTree
11 silly install cloneCurrentTreeToIdealTree
12 timing stage:loadIdealTree:cloneCurrentTree Completed in 5ms
13 silly install loadShrinkwrap
14 timing stage:loadIdealTree:loadShrinkwrap Completed in 243ms
15 silly install loadAllDepsIntoIdealTree
16 silly resolveWithNewModule sqlite3@4.0.2 checking installable status
17 http fetch GET 304 https://registry.npmjs.org/request 107ms (from cache)
18 silly pacote range manifest for request@^2.87.0 fetched in 113ms
19 warn deprecated request@2.88.2: request has been deprecated, see https://github.com/request/request/issues/3142
20 silly resolveWithNewModule request@2.88.2 checking installable status
21 http fetch GET 304 https://registry.npmjs.org/nan 162ms (from cache)
22 http fetch GET 304 https://registry.npmjs.org/node-pre-gyp 164ms (from cache)
23 silly pacote range manifest for nan@~2.10.0 fetched in 172ms
24 silly resolveWithNewModule nan@2.10.0 checking installable status
25 silly pacote range manifest for node-pre-gyp@^0.10.3 fetched in 170ms
26 silly resolveWithNewModule node-pre-gyp@0.10.3 checking installable status
27 http fetch GET 304 https://registry.npmjs.org/detect-libc 113ms (from cache)
28 silly pacote range manifest for detect-libc@^1.0.2 fetched in 117ms
29 silly resolveWithNewModule detect-libc@1.0.3 checking installable status
30 http fetch GET 304 https://registry.npmjs.org/needle 120ms (from cache)
31 http fetch GET 304 https://registry.npmjs.org/mkdirp 122ms (from cache)
32 silly pacote range manifest for needle@^2.2.1 fetched in 124ms
33 silly resolveWithNewModule needle@2.6.0 checking installable status
34 silly pacote range manifest for mkdirp@^0.5.1 fetched in 126ms
35 silly resolveWithNewModule mkdirp@0.5.5 checking installable status
36 http fetch GET 304 https://registry.npmjs.org/npm-packlist 161ms (from cache)
37 http fetch GET 304 https://registry.npmjs.org/nopt 162ms (from cache)
38 http fetch GET 304 https://registry.npmjs.org/rimraf 163ms (from cache)
39 http fetch GET 304 https://registry.npmjs.org/tar 163ms (from cache)
40 silly pacote range manifest for npm-packlist@^1.1.6 fetched in 169ms
41 silly resolveWithNewModule npm-packlist@1.4.8 checking installable status
42 silly pacote range manifest for nopt@^4.0.1 fetched in 170ms
43 silly resolveWithNewModule nopt@4.0.3 checking installable status
44 silly pacote range manifest for rimraf@^2.6.1 fetched in 170ms
45 silly resolveWithNewModule rimraf@2.7.1 checking installable status
46 silly pacote range manifest for tar@^4 fetched in 170ms
47 silly resolveWithNewModule tar@4.4.13 checking installable status
48 http fetch GET 304 https://registry.npmjs.org/npmlog 172ms (from cache)
49 silly pacote range manifest for npmlog@^4.0.2 fetched in 175ms
50 silly resolveWithNewModule npmlog@4.1.2 checking installable status
51 http fetch GET 304 https://registry.npmjs.org/debug 64ms (from cache)
52 silly pacote range manifest for debug@^3.2.6 fetched in 69ms
53 silly resolveWithNewModule debug@3.2.7 checking installable status
54 http fetch GET 304 https://registry.npmjs.org/sax 71ms (from cache)
55 silly pacote range manifest for sax@^1.2.4 fetched in 74ms
56 silly resolveWithNewModule sax@1.2.4 checking installable status
57 http fetch GET 304 https://registry.npmjs.org/ms 78ms (from cache)
58 silly pacote range manifest for ms@^2.1.1 fetched in 83ms
59 silly resolveWithNewModule ms@2.1.3 checking installable status
60 http fetch GET 304 https://registry.npmjs.org/osenv 67ms (from cache)
61 silly pacote range manifest for osenv@^0.1.4 fetched in 71ms
62 silly resolveWithNewModule osenv@0.1.5 checking installable status
63 http fetch GET 304 https://registry.npmjs.org/os-tmpdir 99ms (from cache)
64 http fetch GET 304 https://registry.npmjs.org/os-homedir 100ms (from cache)
65 silly pacote range manifest for os-tmpdir@^1.0.0 fetched in 102ms
66 silly resolveWithNewModule os-tmpdir@1.0.2 checking installable status
67 silly pacote range manifest for os-homedir@^1.0.0 fetched in 104ms
68 silly resolveWithNewModule os-homedir@1.0.2 checking installable status
69 http fetch GET 304 https://registry.npmjs.org/npm-normalize-package-bin 72ms (from cache)
70 http fetch GET 304 https://registry.npmjs.org/ignore-walk 73ms (from cache)
71 http fetch GET 304 https://registry.npmjs.org/npm-bundled 73ms (from cache)
72 silly pacote range manifest for npm-normalize-package-bin@^1.0.1 fetched in 75ms
73 silly resolveWithNewModule npm-normalize-package-bin@1.0.1 checking installable status
74 silly pacote range manifest for ignore-walk@^3.0.1 fetched in 77ms
75 silly resolveWithNewModule ignore-walk@3.0.3 checking installable status
76 silly pacote range manifest for npm-bundled@^1.0.1 fetched in 77ms
77 silly resolveWithNewModule npm-bundled@1.1.1 checking installable status
78 http fetch GET 304 https://registry.npmjs.org/are-we-there-yet 67ms (from cache)
79 http fetch GET 304 https://registry.npmjs.org/console-control-strings 68ms (from cache)
80 silly pacote range manifest for are-we-there-yet@~1.1.2 fetched in 71ms
81 silly resolveWithNewModule are-we-there-yet@1.1.5 checking installable status
82 silly pacote range manifest for console-control-strings@~1.1.0 fetched in 72ms
83 silly resolveWithNewModule console-control-strings@1.1.0 checking installable status
84 http fetch GET 304 https://registry.npmjs.org/set-blocking 94ms (from cache)
85 silly pacote range manifest for set-blocking@~2.0.0 fetched in 97ms
86 silly resolveWithNewModule set-blocking@2.0.0 checking installable status
87 http fetch GET 304 https://registry.npmjs.org/gauge 100ms (from cache)
88 silly pacote range manifest for gauge@~2.7.3 fetched in 103ms
89 silly resolveWithNewModule gauge@2.7.4 checking installable status
90 http fetch GET 304 https://registry.npmjs.org/delegates 109ms (from cache)
91 silly pacote range manifest for delegates@^1.0.0 fetched in 115ms
92 silly resolveWithNewModule delegates@1.0.0 checking installable status
93 http fetch GET 304 https://registry.npmjs.org/has-unicode 78ms (from cache)
94 http fetch GET 304 https://registry.npmjs.org/strip-ansi 78ms (from cache)
95 http fetch GET 304 https://registry.npmjs.org/aproba 80ms (from cache)
96 http fetch GET 304 https://registry.npmjs.org/wide-align 79ms (from cache)
97 silly pacote range manifest for has-unicode@^2.0.0 fetched in 82ms
98 silly resolveWithNewModule has-unicode@2.0.1 checking installable status
99 silly pacote range manifest for wide-align@^1.1.0 fetched in 81ms
100 silly resolveWithNewModule wide-align@1.1.3 checking installable status
101 silly pacote range manifest for strip-ansi@^3.0.1 fetched in 83ms
102 silly resolveWithNewModule strip-ansi@3.0.1 checking installable status
103 silly pacote range manifest for aproba@^1.0.3 fetched in 84ms
104 silly resolveWithNewModule aproba@1.2.0 checking installable status
105 http fetch GET 304 https://registry.npmjs.org/string-width 84ms (from cache)
106 silly pacote range manifest for string-width@^1.0.1 fetched in 86ms
107 silly resolveWithNewModule string-width@1.0.2 checking installable status
108 http fetch GET 304 https://registry.npmjs.org/is-fullwidth-code-point 73ms (from cache)
109 http fetch GET 304 https://registry.npmjs.org/code-point-at 75ms (from cache)
110 silly pacote range manifest for is-fullwidth-code-point@^1.0.0 fetched in 76ms
111 silly resolveWithNewModule is-fullwidth-code-point@1.0.0 checking installable status
112 silly pacote range manifest for code-point-at@^1.0.0 fetched in 79ms
113 silly resolveWithNewModule code-point-at@1.1.0 checking installable status
114 http fetch GET 304 https://registry.npmjs.org/number-is-nan 79ms (from cache)
115 silly pacote range manifest for number-is-nan@^1.0.0 fetched in 82ms
116 silly resolveWithNewModule number-is-nan@1.0.1 checking installable status
117 http fetch GET 304 https://registry.npmjs.org/ansi-regex 94ms (from cache)
118 silly pacote range manifest for ansi-regex@^2.0.0 fetched in 100ms
119 silly resolveWithNewModule ansi-regex@2.1.1 checking installable status
120 http fetch GET 304 https://registry.npmjs.org/glob 66ms (from cache)
121 silly pacote range manifest for glob@^7.1.3 fetched in 71ms
122 silly resolveWithNewModule glob@7.1.6 checking installable status
123 http fetch GET 304 https://registry.npmjs.org/once 77ms (from cache)
124 http fetch GET 304 https://registry.npmjs.org/fs.realpath 79ms (from cache)
125 http fetch GET 304 https://registry.npmjs.org/inflight 80ms (from cache)
126 silly pacote range manifest for fs.realpath@^1.0.0 fetched in 83ms
127 silly resolveWithNewModule fs.realpath@1.0.0 checking installable status
128 silly pacote range manifest for once@^1.3.0 fetched in 84ms
129 silly resolveWithNewModule once@1.4.0 checking installable status
130 silly pacote range manifest for inflight@^1.0.4 fetched in 86ms
131 silly resolveWithNewModule inflight@1.0.6 checking installable status
132 http fetch GET 304 https://registry.npmjs.org/wrappy 64ms (from cache)
133 silly pacote range manifest for wrappy@1 fetched in 67ms
134 silly resolveWithNewModule wrappy@1.0.2 checking installable status
135 http fetch GET 304 https://registry.npmjs.org/minizlib 93ms (from cache)
136 http fetch GET 304 https://registry.npmjs.org/safe-buffer 94ms (from cache)
137 http fetch GET 304 https://registry.npmjs.org/minipass 97ms (from cache)
138 http fetch GET 304 https://registry.npmjs.org/yallist 97ms (from cache)
139 http fetch GET 304 https://registry.npmjs.org/fs-minipass 99ms (from cache)
140 http fetch GET 304 https://registry.npmjs.org/chownr 100ms (from cache)
141 silly pacote range manifest for minizlib@^1.2.1 fetched in 100ms
142 silly resolveWithNewModule minizlib@1.3.3 checking installable status
143 silly pacote range manifest for minipass@^2.8.6 fetched in 104ms
144 silly resolveWithNewModule minipass@2.9.0 checking installable status
145 silly pacote range manifest for yallist@^3.0.3 fetched in 103ms
146 silly resolveWithNewModule yallist@3.1.1 checking installable status
147 silly pacote range manifest for safe-buffer@^5.1.2 fetched in 104ms
148 silly resolveWithNewModule safe-buffer@5.2.1 checking installable status
149 silly pacote range manifest for chownr@^1.1.1 fetched in 106ms
150 silly resolveWithNewModule chownr@1.1.4 checking installable status
151 silly pacote range manifest for fs-minipass@^1.2.5 fetched in 107ms
152 silly resolveWithNewModule fs-minipass@1.2.7 checking installable status
153 silly pacote range manifest for safe-buffer@^5.1.2 fetched in 2ms
154 silly resolveWithNewModule safe-buffer@5.2.1 checking installable status
155 silly pacote range manifest for yallist@^3.0.0 fetched in 2ms
156 silly resolveWithNewModule yallist@3.1.1 checking installable status
157 http fetch GET 304 https://registry.npmjs.org/aws-sign2 93ms (from cache)
158 http fetch GET 304 https://registry.npmjs.org/aws4 96ms (from cache)
159 silly pacote range manifest for aws-sign2@~0.7.0 fetched in 99ms
160 silly resolveWithNewModule aws-sign2@0.7.0 checking installable status
161 http fetch GET 304 https://registry.npmjs.org/forever-agent 97ms (from cache)
162 http fetch GET 304 https://registry.npmjs.org/caseless 98ms (from cache)
163 http fetch GET 304 https://registry.npmjs.org/har-validator 100ms (from cache)
164 http fetch GET 304 https://registry.npmjs.org/combined-stream 102ms (from cache)
165 silly pacote range manifest for forever-agent@~0.6.1 fetched in 103ms
166 silly resolveWithNewModule forever-agent@0.6.1 checking installable status
167 silly pacote range manifest for aws4@^1.8.0 fetched in 104ms
168 silly resolveWithNewModule aws4@1.11.0 checking installable status
169 silly pacote range manifest for caseless@~0.12.0 fetched in 107ms
170 silly resolveWithNewModule caseless@0.12.0 checking installable status
171 silly pacote range manifest for combined-stream@~1.0.6 fetched in 110ms
172 silly resolveWithNewModule combined-stream@1.0.8 checking installable status
173 http fetch GET 304 https://registry.npmjs.org/form-data 113ms (from cache)
174 silly pacote range manifest for har-validator@~5.1.3 fetched in 114ms
175 warn deprecated har-validator@5.1.5: this library is no longer supported
176 silly resolveWithNewModule har-validator@5.1.5 checking installable status
177 silly pacote range manifest for safe-buffer@^5.1.2 fetched in 8ms
178 silly resolveWithNewModule safe-buffer@5.2.1 checking installable status
179 silly pacote range manifest for form-data@~2.3.2 fetched in 124ms
180 silly resolveWithNewModule form-data@2.3.3 checking installable status
181 http fetch GET 304 https://registry.npmjs.org/extend 132ms (from cache)
182 silly pacote range manifest for extend@~3.0.2 fetched in 142ms
183 silly resolveWithNewModule extend@3.0.2 checking installable status
184 http fetch GET 304 https://registry.npmjs.org/is-typedarray 150ms (from cache)
185 silly pacote range manifest for is-typedarray@~1.0.0 fetched in 153ms
186 silly resolveWithNewModule is-typedarray@1.0.0 checking installable status
187 http fetch GET 304 https://registry.npmjs.org/http-signature 154ms (from cache)
188 http fetch GET 304 https://registry.npmjs.org/isstream 59ms (from cache)
189 silly pacote range manifest for isstream@~0.1.2 fetched in 62ms
190 silly resolveWithNewModule isstream@0.1.2 checking installable status
191 silly pacote range manifest for http-signature@~1.2.0 fetched in 161ms
192 silly resolveWithNewModule http-signature@1.2.0 checking installable status
193 http fetch GET 304 https://registry.npmjs.org/json-stringify-safe 66ms (from cache)
194 http fetch GET 304 https://registry.npmjs.org/performance-now 65ms (from cache)
195 http fetch GET 304 https://registry.npmjs.org/qs 65ms (from cache)
196 silly pacote range manifest for json-stringify-safe@~5.0.1 fetched in 74ms
197 silly resolveWithNewModule json-stringify-safe@5.0.1 checking installable status
198 silly pacote range manifest for performance-now@^2.1.0 fetched in 72ms
199 silly resolveWithNewModule performance-now@2.1.0 checking installable status
200 silly pacote range manifest for qs@~6.5.2 fetched in 70ms
201 silly resolveWithNewModule qs@6.5.2 checking installable status
202 http fetch GET 304 https://registry.npmjs.org/oauth-sign 76ms (from cache)
203 silly pacote range manifest for oauth-sign@~0.9.0 fetched in 79ms
204 silly resolveWithNewModule oauth-sign@0.9.0 checking installable status
205 http fetch GET 304 https://registry.npmjs.org/tunnel-agent 91ms (from cache)
206 http fetch GET 304 https://registry.npmjs.org/tough-cookie 92ms (from cache)
207 http fetch GET 304 https://registry.npmjs.org/uuid 76ms (from cache)
208 silly pacote range manifest for tunnel-agent@^0.6.0 fetched in 95ms
209 silly resolveWithNewModule tunnel-agent@0.6.0 checking installable status
210 silly pacote range manifest for tough-cookie@~2.5.0 fetched in 98ms
211 silly resolveWithNewModule tough-cookie@2.5.0 checking installable status
212 silly pacote range manifest for uuid@^3.3.2 fetched in 84ms
213 silly resolveWithNewModule uuid@3.4.0 checking installable status
214 http fetch GET 304 https://registry.npmjs.org/delayed-stream 68ms (from cache)
215 silly pacote range manifest for delayed-stream@~1.0.0 fetched in 74ms
216 silly resolveWithNewModule delayed-stream@1.0.0 checking installable status
217 http fetch GET 304 https://registry.npmjs.org/asynckit 66ms (from cache)
218 silly pacote range manifest for asynckit@^0.4.0 fetched in 72ms
219 silly resolveWithNewModule asynckit@0.4.0 checking installable status
220 http fetch GET 304 https://registry.npmjs.org/har-schema 77ms (from cache)
221 http fetch GET 304 https://registry.npmjs.org/ajv 79ms (from cache)
222 silly pacote range manifest for har-schema@^2.0.0 fetched in 90ms
223 silly resolveWithNewModule har-schema@2.0.0 checking installable status
224 silly pacote range manifest for ajv@^6.12.3 fetched in 90ms
225 silly resolveWithNewModule ajv@6.12.6 checking installable status
226 http fetch GET 304 https://registry.npmjs.org/json-schema-traverse 59ms (from cache)
227 http fetch GET 304 https://registry.npmjs.org/fast-json-stable-stringify 61ms (from cache)
228 http fetch GET 304 https://registry.npmjs.org/uri-js 63ms (from cache)
229 silly pacote range manifest for fast-json-stable-stringify@^2.0.0 fetched in 69ms
230 silly resolveWithNewModule fast-json-stable-stringify@2.1.0 checking installable status
231 silly pacote range manifest for json-schema-traverse@^0.4.1 fetched in 70ms
232 silly resolveWithNewModule json-schema-traverse@0.4.1 checking installable status
233 http fetch GET 304 https://registry.npmjs.org/fast-deep-equal 72ms (from cache)
234 silly pacote range manifest for uri-js@^4.2.2 fetched in 72ms
235 silly resolveWithNewModule uri-js@4.4.0 checking installable status
236 silly pacote range manifest for fast-deep-equal@^3.1.1 fetched in 76ms
237 silly resolveWithNewModule fast-deep-equal@3.1.3 checking installable status
238 http fetch GET 304 https://registry.npmjs.org/punycode 45ms (from cache)
239 silly pacote range manifest for punycode@^2.1.0 fetched in 52ms
240 silly resolveWithNewModule punycode@2.1.1 checking installable status
241 http fetch GET 304 https://registry.npmjs.org/assert-plus 55ms (from cache)
242 http fetch GET 304 https://registry.npmjs.org/jsprim 57ms (from cache)
243 silly pacote range manifest for assert-plus@^1.0.0 fetched in 59ms
244 silly resolveWithNewModule assert-plus@1.0.0 checking installable status
245 silly pacote range manifest for jsprim@^1.2.2 fetched in 63ms
246 silly resolveWithNewModule jsprim@1.4.1 checking installable status
247 http fetch GET 304 https://registry.npmjs.org/sshpk 74ms (from cache)
248 silly pacote range manifest for sshpk@^1.7.0 fetched in 79ms
249 silly resolveWithNewModule sshpk@1.16.1 checking installable status
250 http fetch GET 304 https://registry.npmjs.org/extsprintf 54ms (from cache)
251 http fetch GET 304 https://registry.npmjs.org/verror 56ms (from cache)
252 http fetch GET 304 https://registry.npmjs.org/json-schema 58ms (from cache)
253 silly pacote version manifest for extsprintf@1.3.0 fetched in 60ms
254 silly resolveWithNewModule extsprintf@1.3.0 checking installable status
255 silly pacote version manifest for verror@1.10.0 fetched in 64ms
256 silly resolveWithNewModule verror@1.10.0 checking installable status
257 silly pacote version manifest for json-schema@0.2.3 fetched in 64ms
258 silly resolveWithNewModule json-schema@0.2.3 checking installable status
259 http fetch GET 304 https://registry.npmjs.org/ecc-jsbn 87ms (from cache)
260 http fetch GET 304 https://registry.npmjs.org/getpass 88ms (from cache)
261 http fetch GET 304 https://registry.npmjs.org/dashdash 94ms (from cache)
262 http fetch GET 304 https://registry.npmjs.org/jsbn 94ms (from cache)
263 http fetch GET 304 https://registry.npmjs.org/tweetnacl 93ms (from cache)
264 silly pacote range manifest for ecc-jsbn@~0.1.1 fetched in 95ms
265 silly resolveWithNewModule ecc-jsbn@0.1.2 checking installable status
266 http fetch GET 304 https://registry.npmjs.org/bcrypt-pbkdf 98ms (from cache)
267 silly pacote range manifest for getpass@^0.1.1 fetched in 99ms
268 silly resolveWithNewModule getpass@0.1.7 checking installable status
269 silly pacote range manifest for jsbn@~0.1.0 fetched in 100ms
270 silly resolveWithNewModule jsbn@0.1.1 checking installable status
271 http fetch GET 304 https://registry.npmjs.org/safer-buffer 100ms (from cache)
272 http fetch GET 304 https://registry.npmjs.org/asn1 102ms (from cache)
273 silly pacote range manifest for dashdash@^1.12.0 fetched in 103ms
274 silly resolveWithNewModule dashdash@1.14.1 checking installable status
275 silly pacote range manifest for tweetnacl@~0.14.0 fetched in 103ms
276 silly resolveWithNewModule tweetnacl@0.14.5 checking installable status
277 silly pacote range manifest for bcrypt-pbkdf@^1.0.0 fetched in 106ms
278 silly resolveWithNewModule bcrypt-pbkdf@1.0.2 checking installable status
279 silly pacote range manifest for safer-buffer@^2.0.2 fetched in 109ms
280 silly resolveWithNewModule safer-buffer@2.1.2 checking installable status
281 silly pacote range manifest for asn1@~0.2.3 fetched in 112ms
282 silly resolveWithNewModule asn1@0.2.4 checking installable status
283 http fetch GET 304 https://registry.npmjs.org/psl 68ms (from cache)
284 silly pacote range manifest for psl@^1.1.28 fetched in 74ms
285 silly resolveWithNewModule psl@1.8.0 checking installable status
286 timing stage:loadIdealTree:loadAllDepsIntoIdealTree Completed in 2962ms
287 timing stage:loadIdealTree Completed in 3307ms
288 silly currentTree 1@1.0.0
288 silly currentTree +-- abbrev@1.1.1
288 silly currentTree +-- accepts@1.3.7
288 silly currentTree +-- ajv@6.12.6
288 silly currentTree +-- ansi-align@2.0.0
288 silly currentTree +-- ansi-regex@3.0.0
288 silly currentTree +-- ansi-styles@3.2.1
288 silly currentTree +-- anymatch@2.0.0
288 silly currentTree | `-- normalize-path@2.1.1
288 silly currentTree +-- app-module-path@2.2.0
288 silly currentTree +-- aproba@1.2.0
288 silly currentTree +-- argly@1.2.0
288 silly currentTree +-- arr-diff@4.0.0
288 silly currentTree +-- arr-flatten@1.1.0
288 silly currentTree +-- arr-union@3.1.0
288 silly currentTree +-- array-flatten@1.1.1
288 silly currentTree +-- array-unique@0.3.2
288 silly currentTree +-- asn1@0.2.4
288 silly currentTree +-- assert-plus@1.0.0
288 silly currentTree +-- assertion-error@1.1.0
288 silly currentTree +-- assign-symbols@1.0.0
288 silly currentTree +-- async-each@1.0.3
288 silly currentTree +-- asynckit@0.4.0
288 silly currentTree +-- atob@2.1.2
288 silly currentTree +-- aws-sign2@0.7.0
288 silly currentTree +-- aws4@1.11.0
288 silly currentTree +-- balanced-match@1.0.0
288 silly currentTree +-- base@0.11.2
288 silly currentTree | +-- define-property@1.0.0
288 silly currentTree | +-- is-accessor-descriptor@1.0.0
288 silly currentTree | +-- is-data-descriptor@1.0.0
288 silly currentTree | `-- is-descriptor@1.0.2
288 silly currentTree +-- bcrypt-pbkdf@1.0.2
288 silly currentTree +-- binary-extensions@1.13.1
288 silly currentTree +-- bindings@1.5.0
288 silly currentTree +-- body-parser@1.18.2
288 silly currentTree +-- boxen@1.3.0
288 silly currentTree +-- brace-expansion@1.1.11
288 silly currentTree +-- braces@2.3.2
288 silly currentTree | `-- extend-shallow@2.0.1
288 silly currentTree +-- browser-refresh-client@1.1.4
288 silly currentTree +-- bytes@3.0.0
288 silly currentTree +-- cache-base@1.0.1
288 silly currentTree +-- camelcase@4.1.0
288 silly currentTree +-- capture-stack-trace@1.0.1
288 silly currentTree +-- caseless@0.12.0
288 silly currentTree +-- chai@3.5.0
288 silly currentTree +-- chalk@2.4.2
288 silly currentTree +-- char-props@0.1.5
288 silly currentTree +-- chokidar@2.1.8
288 silly currentTree +-- chownr@1.1.4
288 silly currentTree +-- ci-info@1.6.0
288 silly currentTree +-- class-utils@0.3.6
288 silly currentTree | `-- define-property@0.2.5
288 silly currentTree +-- cli-boxes@1.0.0
288 silly currentTree +-- code-point-at@1.1.0
288 silly currentTree +-- collection-visit@1.0.0
288 silly currentTree +-- color-convert@1.9.3
288 silly currentTree +-- color-name@1.1.3
288 silly currentTree +-- combined-stream@1.0.8
288 silly currentTree +-- complain@1.6.0
288 silly currentTree +-- component-emitter@1.3.0
288 silly currentTree +-- concat-map@0.0.1
288 silly currentTree +-- configstore@3.1.5
288 silly currentTree +-- console-control-strings@1.1.0
288 silly currentTree +-- content-disposition@0.5.2
288 silly currentTree +-- content-type@1.0.4
288 silly currentTree +-- cookie-signature@1.0.6
288 silly currentTree +-- cookie@0.3.1
288 silly currentTree +-- copy-descriptor@0.1.1
288 silly currentTree +-- core-util-is@1.0.2
288 silly currentTree +-- create-error-class@3.0.2
288 silly currentTree +-- cross-spawn@5.1.0
288 silly currentTree +-- crypto-random-string@1.0.0
288 silly currentTree +-- dashdash@1.14.1
288 silly currentTree +-- debug@2.6.9
288 silly currentTree +-- decode-uri-component@0.2.0
288 silly currentTree +-- deep-eql@0.1.3
288 silly currentTree | `-- type-detect@0.1.1
288 silly currentTree +-- deep-extend@0.6.0
288 silly currentTree +-- deep-is@0.1.3
288 silly currentTree +-- define-property@2.0.2
288 silly currentTree | +-- is-accessor-descriptor@1.0.0
288 silly currentTree | +-- is-data-descriptor@1.0.0
288 silly currentTree | `-- is-descriptor@1.0.2
288 silly currentTree +-- delayed-stream@1.0.0
288 silly currentTree +-- depd@1.1.2
288 silly currentTree +-- deresolve@1.1.2
288 silly currentTree | `-- resolve-from@1.0.1
288 silly currentTree +-- destroy@1.0.4
288 silly currentTree +-- detect-libc@1.0.3
288 silly currentTree +-- dot-prop@4.2.1
288 silly currentTree +-- duplexer3@0.1.4
288 silly currentTree +-- ecc-jsbn@0.1.2
288 silly currentTree +-- ee-first@1.1.1
288 silly currentTree +-- encodeurl@1.0.2
288 silly currentTree +-- error-stack-parser@2.0.6
288 silly currentTree +-- escape-html@1.0.3
288 silly currentTree +-- escape-string-regexp@1.0.5
288 silly currentTree +-- escodegen@1.14.3
288 silly currentTree | `-- source-map@0.6.1
288 silly currentTree +-- esprima@4.0.1
288 silly currentTree +-- estraverse@4.3.0
288 silly currentTree +-- esutils@2.0.3
288 silly currentTree +-- etag@1.8.1
288 silly currentTree +-- events-light@1.0.5
288 silly currentTree +-- events@1.1.1
288 silly currentTree +-- execa@0.7.0
288 silly currentTree +-- expand-brackets@2.1.4
288 silly currentTree | +-- define-property@0.2.5
288 silly currentTree | `-- extend-shallow@2.0.1
288 silly currentTree +-- express@4.16.3
288 silly currentTree +-- extend-shallow@3.0.2
288 silly currentTree | `-- is-extendable@1.0.1
288 silly currentTree +-- extend@3.0.2
288 silly currentTree +-- extglob@2.0.4
288 silly currentTree | +-- define-property@1.0.0
288 silly currentTree | +-- extend-shallow@2.0.1
288 silly currentTree | +-- is-accessor-descriptor@1.0.0
288 silly currentTree | +-- is-data-descriptor@1.0.0
288 silly currentTree | `-- is-descriptor@1.0.2
288 silly currentTree +-- extsprintf@1.3.0
288 silly currentTree +-- fast-deep-equal@3.1.3
288 silly currentTree +-- fast-json-stable-stringify@2.1.0
288 silly currentTree +-- fast-levenshtein@2.0.6
288 silly currentTree +-- file-uri-to-path@1.0.0
288 silly currentTree +-- fill-range@4.0.0
288 silly currentTree | `-- extend-shallow@2.0.1
288 silly currentTree +-- finalhandler@1.1.1
288 silly currentTree +-- for-in@1.0.2
288 silly currentTree +-- forever-agent@0.6.1
288 silly currentTree +-- form-data@2.3.3
288 silly currentTree +-- forwarded@0.1.2
288 silly currentTree +-- fragment-cache@0.2.1
288 silly currentTree +-- fresh@0.5.2
288 silly currentTree +-- fs-minipass@1.2.7
288 silly currentTree +-- fs.realpath@1.0.0
288 silly currentTree +-- gauge@2.7.4
288 silly currentTree | +-- ansi-regex@2.1.1
288 silly currentTree | +-- is-fullwidth-code-point@1.0.0
288 silly currentTree | +-- string-width@1.0.2
288 silly currentTree | `-- strip-ansi@3.0.1
288 silly currentTree +-- get-stream@3.0.0
288 silly currentTree +-- get-value@2.0.6
288 silly currentTree +-- getpass@0.1.7
288 silly currentTree +-- glob-parent@3.1.0
288 silly currentTree | `-- is-glob@3.1.0
288 silly currentTree +-- glob@7.1.6
288 silly currentTree +-- global-dirs@0.1.1
288 silly currentTree +-- got@6.7.1
288 silly currentTree +-- graceful-fs@4.2.4
288 silly currentTree +-- har-schema@2.0.0
288 silly currentTree +-- har-validator@5.1.5
288 silly currentTree +-- has-flag@3.0.0
288 silly currentTree +-- has-unicode@2.0.1
288 silly currentTree +-- has-value@1.0.0
288 silly currentTree +-- has-values@1.0.0
288 silly currentTree | `-- kind-of@4.0.0
288 silly currentTree +-- he@1.2.0
288 silly currentTree +-- htmljs-parser@2.9.1
288 silly currentTree +-- http-errors@1.6.3
288 silly currentTree +-- http-signature@1.2.0
288 silly currentTree +-- iconv-lite@0.4.19
288 silly currentTree +-- ignore-by-default@1.0.1
288 silly currentTree +-- ignore-walk@3.0.3
288 silly currentTree +-- import-lazy@2.1.0
288 silly currentTree +-- imurmurhash@0.1.4
288 silly currentTree +-- inflight@1.0.6
288 silly currentTree +-- inherits@2.0.3
288 silly currentTree +-- ini@1.3.8
288 silly currentTree +-- ipaddr.js@1.9.1
288 silly currentTree +-- is-accessor-descriptor@0.1.6
288 silly currentTree | `-- kind-of@3.2.2
288 silly currentTree +-- is-binary-path@1.0.1
288 silly currentTree +-- is-buffer@1.1.6
288 silly currentTree +-- is-ci@1.2.1
288 silly currentTree +-- is-data-descriptor@0.1.4
288 silly currentTree | `-- kind-of@3.2.2
288 silly currentTree +-- is-descriptor@0.1.6
288 silly currentTree | `-- kind-of@5.1.0
288 silly currentTree +-- is-extendable@0.1.1
288 silly currentTree +-- is-extglob@2.1.1
288 silly currentTree +-- is-fullwidth-code-point@2.0.0
288 silly currentTree +-- is-glob@4.0.1
288 silly currentTree +-- is-installed-globally@0.1.0
288 silly currentTree +-- is-npm@1.0.0
288 silly currentTree +-- is-number@3.0.0
288 silly currentTree | `-- kind-of@3.2.2
288 silly currentTree +-- is-obj@1.0.1
288 silly currentTree +-- is-path-inside@1.0.1
288 silly currentTree +-- is-plain-object@2.0.4
288 silly currentTree +-- is-redirect@1.0.0
288 silly currentTree +-- is-retry-allowed@1.2.0
288 silly currentTree +-- is-stream@1.1.0
288 silly currentTree +-- is-typedarray@1.0.0
288 silly currentTree +-- is-windows@1.0.2
288 silly currentTree +-- isarray@1.0.0
288 silly currentTree +-- isexe@2.0.0
288 silly currentTree +-- isobject@3.0.1
288 silly currentTree +-- isstream@0.1.2
288 silly currentTree +-- jsbn@0.1.1
288 silly currentTree +-- json-schema-traverse@0.4.1
288 silly currentTree +-- json-schema@0.2.3
288 silly currentTree +-- json-stringify-safe@5.0.1
288 silly currentTree +-- jsprim@1.4.1
288 silly currentTree +-- kind-of@6.0.3
288 silly currentTree +-- lasso-caching-fs@1.0.2
288 silly currentTree +-- lasso-modules-client@2.0.7
288 silly currentTree +-- lasso-package-root@1.0.1
288 silly currentTree +-- latest-version@3.1.0
288 silly currentTree +-- levn@0.3.0
288 silly currentTree +-- listener-tracker@2.0.0
288 silly currentTree +-- lowercase-keys@1.0.1
288 silly currentTree +-- lru-cache@4.1.5
288 silly currentTree +-- make-dir@1.3.0
288 silly currentTree +-- map-cache@0.2.2
288 silly currentTree +-- map-visit@1.0.0
288 silly currentTree +-- marko@4.13.4-1
288 silly currentTree +-- media-typer@0.3.0
288 silly currentTree +-- merge-descriptors@1.0.1
288 silly currentTree +-- methods@1.1.2
288 silly currentTree +-- micromatch@3.1.10
288 silly currentTree +-- mime-db@1.45.0
288 silly currentTree +-- mime-types@2.1.28
288 silly currentTree +-- mime@1.4.1
288 silly currentTree +-- minimatch@3.0.4
288 silly currentTree +-- minimist@1.2.5
288 silly currentTree +-- minipass@2.9.0
288 silly currentTree | +-- safe-buffer@5.2.1
288 silly currentTree | `-- yallist@3.1.1
288 silly currentTree +-- minizlib@1.3.3
288 silly currentTree +-- mixin-deep@1.3.2
288 silly currentTree | `-- is-extendable@1.0.1
288 silly currentTree +-- mkdirp@0.5.5
288 silly currentTree +-- ms@2.0.0
288 silly currentTree +-- nan@2.14.2
288 silly currentTree +-- nanomatch@1.2.13
288 silly currentTree +-- needle@2.6.0
288 silly currentTree | +-- debug@3.2.7
288 silly currentTree | `-- ms@2.1.3
288 silly currentTree +-- negotiator@0.6.2
288 silly currentTree +-- nodemon@1.18.4
288 silly currentTree | +-- debug@3.2.7
288 silly currentTree | `-- ms@2.1.3
288 silly currentTree +-- nopt@1.0.10
288 silly currentTree +-- normalize-path@3.0.0
288 silly currentTree +-- npm-bundled@1.1.1
288 silly currentTree +-- npm-normalize-package-bin@1.0.1
288 silly currentTree +-- npm-packlist@1.4.8
288 silly currentTree +-- npm-run-path@2.0.2
288 silly currentTree +-- number-is-nan@1.0.1
288 silly currentTree +-- oauth-sign@0.9.0
288 silly currentTree +-- object-assign@4.1.1
288 silly currentTree +-- object-copy@0.1.0
288 silly currentTree | +-- define-property@0.2.5
288 silly currentTree | `-- kind-of@3.2.2
288 silly currentTree +-- object-visit@1.0.1
288 silly currentTree +-- object.pick@1.3.0
288 silly currentTree +-- on-finished@2.3.0
288 silly currentTree +-- once@1.4.0
288 silly currentTree +-- optionator@0.8.3
288 silly currentTree +-- os-homedir@1.0.2
288 silly currentTree +-- os-tmpdir@1.0.2
288 silly currentTree +-- osenv@0.1.5
288 silly currentTree +-- p-finally@1.0.0
288 silly currentTree +-- package-json@4.0.1
288 silly currentTree +-- parseurl@1.3.3
288 silly currentTree +-- pascalcase@0.1.1
288 silly currentTree +-- path-dirname@1.0.2
288 silly currentTree +-- path-is-absolute@1.0.1
288 silly currentTree +-- path-is-inside@1.0.2
288 silly currentTree +-- path-key@2.0.1
288 silly currentTree +-- path-to-regexp@0.1.7
288 silly currentTree +-- performance-now@2.1.0
288 silly currentTree +-- pify@3.0.0
288 silly currentTree +-- posix-character-classes@0.1.1
288 silly currentTree +-- prelude-ls@1.1.2
288 silly currentTree +-- prepend-http@1.0.4
288 silly currentTree +-- process-nextick-args@2.0.1
288 silly currentTree +-- property-handlers@1.1.1
288 silly currentTree +-- proxy-addr@2.0.6
288 silly currentTree +-- pseudomap@1.0.2
288 silly currentTree +-- psl@1.8.0
288 silly currentTree +-- pstree.remy@1.1.8
288 silly currentTree +-- punycode@2.1.1
288 silly currentTree +-- q@1.5.1
288 silly currentTree +-- qs@6.5.1
288 silly currentTree +-- range-parser@1.2.1
288 silly currentTree +-- raptor-async@1.1.3
288 silly currentTree +-- raptor-json@1.1.0
288 silly currentTree +-- raptor-polyfill@1.1.0
288 silly currentTree +-- raptor-promises@1.0.3
288 silly currentTree | `-- raptor-util@1.1.2
288 silly currentTree +-- raptor-regexp@1.0.1
288 silly currentTree +-- raptor-strings@1.0.2
288 silly currentTree +-- raptor-util@3.2.0
288 silly currentTree +-- raw-body@2.3.2
288 silly currentTree | +-- depd@1.1.1
288 silly currentTree | +-- http-errors@1.6.2
288 silly currentTree | `-- setprototypeof@1.0.3
288 silly currentTree +-- rc@1.2.8
288 silly currentTree +-- readable-stream@2.3.7
288 silly currentTree +-- readdirp@2.2.1
288 silly currentTree +-- regex-not@1.0.2
288 silly currentTree +-- registry-auth-token@3.4.0
288 silly currentTree +-- registry-url@3.1.0
288 silly currentTree +-- remove-trailing-separator@1.1.0
288 silly currentTree +-- repeat-element@1.1.3
288 silly currentTree +-- repeat-string@1.6.1
288 silly currentTree +-- request@2.88.2
288 silly currentTree | +-- qs@6.5.2
288 silly currentTree | `-- safe-buffer@5.2.1
288 silly currentTree +-- resolve-from@2.0.0
288 silly currentTree +-- resolve-url@0.2.1
288 silly currentTree +-- ret@0.1.15
288 silly currentTree +-- rimraf@2.7.1
288 silly currentTree +-- rusha@0.8.13
288 silly currentTree +-- safe-buffer@5.1.1
288 silly currentTree +-- safe-regex@1.1.0
288 silly currentTree +-- safer-buffer@2.1.2
288 silly currentTree +-- sax@1.2.4
288 silly currentTree +-- semver-diff@2.1.0
288 silly currentTree +-- semver@5.7.1
288 silly currentTree +-- send@0.16.2
288 silly currentTree +-- serve-static@1.13.2
288 silly currentTree +-- set-blocking@2.0.0
288 silly currentTree +-- set-value@2.0.1
288 silly currentTree | `-- extend-shallow@2.0.1
288 silly currentTree +-- setprototypeof@1.1.0
288 silly currentTree +-- shebang-command@1.2.0
288 silly currentTree +-- shebang-regex@1.0.0
288 silly currentTree +-- shorthash@0.0.2
288 silly currentTree +-- signal-exit@3.0.3
288 silly currentTree +-- simple-sha1@2.1.2
288 silly currentTree +-- snapdragon-node@2.1.1
288 silly currentTree | +-- define-property@1.0.0
288 silly currentTree | +-- is-accessor-descriptor@1.0.0
288 silly currentTree | +-- is-data-descriptor@1.0.0
288 silly currentTree | `-- is-descriptor@1.0.2
288 silly currentTree +-- snapdragon-util@3.0.1
288 silly currentTree | `-- kind-of@3.2.2
288 silly currentTree +-- snapdragon@0.8.2
288 silly currentTree | +-- define-property@0.2.5
288 silly currentTree | `-- extend-shallow@2.0.1
288 silly currentTree +-- source-map-resolve@0.5.3
288 silly currentTree +-- source-map-url@0.4.0
288 silly currentTree +-- source-map@0.5.7
288 silly currentTree +-- split-string@3.1.0
288 silly currentTree +-- sshpk@1.16.1
288 silly currentTree +-- stackframe@1.2.0
288 silly currentTree +-- static-extend@0.1.2
288 silly currentTree | `-- define-property@0.2.5
288 silly currentTree +-- statuses@1.4.0
288 silly currentTree +-- string_decoder@1.1.1
288 silly currentTree +-- string-width@2.1.1
288 silly currentTree +-- strip-ansi@4.0.0
288 silly currentTree +-- strip-eof@1.0.0
288 silly currentTree +-- strip-json-comments@2.0.1
288 silly currentTree +-- supports-color@5.5.0
288 silly currentTree +-- tar@4.4.13
288 silly currentTree | +-- safe-buffer@5.2.1
288 silly currentTree | `-- yallist@3.1.1
288 silly currentTree +-- term-size@1.2.0
288 silly currentTree +-- timed-out@4.0.1
288 silly currentTree +-- to-object-path@0.3.0
288 silly currentTree | `-- kind-of@3.2.2
288 silly currentTree +-- to-regex-range@2.1.1
288 silly currentTree +-- to-regex@3.0.2
288 silly currentTree +-- touch@3.1.0
288 silly currentTree +-- tough-cookie@2.5.0
288 silly currentTree +-- try-require@1.2.1
288 silly currentTree +-- tunnel-agent@0.6.0
288 silly currentTree +-- tweetnacl@0.14.5
288 silly currentTree +-- type-check@0.3.2
288 silly currentTree +-- type-detect@1.0.0
288 silly currentTree +-- type-is@1.6.18
288 silly currentTree +-- undefsafe@2.0.3
288 silly currentTree +-- union-value@1.0.1
288 silly currentTree +-- unique-string@1.0.0
288 silly currentTree +-- unpipe@1.0.0
288 silly currentTree +-- unset-value@1.0.0
288 silly currentTree | +-- has-value@0.3.1
288 silly currentTree | | `-- isobject@2.1.0
288 silly currentTree | `-- has-values@0.1.4
288 silly currentTree +-- unzip-response@2.0.1
288 silly currentTree +-- upath@1.2.0
288 silly currentTree +-- update-notifier@2.5.0
288 silly currentTree +-- uri-js@4.4.0
288 silly currentTree +-- urix@0.1.0
288 silly currentTree +-- url-parse-lax@1.0.0
288 silly currentTree +-- use@3.1.1
288 silly currentTree +-- util-deprecate@1.0.2
288 silly currentTree +-- utils-merge@1.0.1
288 silly currentTree +-- uuid@3.4.0
288 silly currentTree +-- vary@1.1.2
288 silly currentTree +-- verror@1.10.0
288 silly currentTree +-- warp10@1.3.6
288 silly currentTree +-- which@1.3.1
288 silly currentTree +-- wide-align@1.1.3
288 silly currentTree +-- widest-line@2.0.1
288 silly currentTree +-- word-wrap@1.2.3
288 silly currentTree +-- wrappy@1.0.2
288 silly currentTree +-- write-file-atomic@2.4.3
288 silly currentTree +-- xdg-basedir@3.0.0
288 silly currentTree `-- yallist@2.1.2
289 silly idealTree 1@1.0.0
289 silly idealTree +-- abbrev@1.1.1
289 silly idealTree +-- accepts@1.3.7
289 silly idealTree +-- ajv@6.12.6
289 silly idealTree +-- ansi-align@2.0.0
289 silly idealTree +-- ansi-regex@3.0.0
289 silly idealTree +-- ansi-styles@3.2.1
289 silly idealTree +-- anymatch@2.0.0
289 silly idealTree | `-- normalize-path@2.1.1
289 silly idealTree +-- app-module-path@2.2.0
289 silly idealTree +-- aproba@1.2.0
289 silly idealTree +-- are-we-there-yet@1.1.5
289 silly idealTree +-- argly@1.2.0
289 silly idealTree +-- arr-diff@4.0.0
289 silly idealTree +-- arr-flatten@1.1.0
289 silly idealTree +-- arr-union@3.1.0
289 silly idealTree +-- array-flatten@1.1.1
289 silly idealTree +-- array-unique@0.3.2
289 silly idealTree +-- asn1@0.2.4
289 silly idealTree +-- assert-plus@1.0.0
289 silly idealTree +-- assertion-error@1.1.0
289 silly idealTree +-- assign-symbols@1.0.0
289 silly idealTree +-- async-each@1.0.3
289 silly idealTree +-- asynckit@0.4.0
289 silly idealTree +-- atob@2.1.2
289 silly idealTree +-- aws-sign2@0.7.0
289 silly idealTree +-- aws4@1.11.0
289 silly idealTree +-- balanced-match@1.0.0
289 silly idealTree +-- base@0.11.2
289 silly idealTree | +-- define-property@1.0.0
289 silly idealTree | +-- is-accessor-descriptor@1.0.0
289 silly idealTree | +-- is-data-descriptor@1.0.0
289 silly idealTree | `-- is-descriptor@1.0.2
289 silly idealTree +-- bcrypt-pbkdf@1.0.2
289 silly idealTree +-- binary-extensions@1.13.1
289 silly idealTree +-- bindings@1.5.0
289 silly idealTree +-- body-parser@1.18.2
289 silly idealTree +-- boxen@1.3.0
289 silly idealTree +-- brace-expansion@1.1.11
289 silly idealTree +-- braces@2.3.2
289 silly idealTree | `-- extend-shallow@2.0.1
289 silly idealTree +-- browser-refresh-client@1.1.4
289 silly idealTree +-- bytes@3.0.0
289 silly idealTree +-- cache-base@1.0.1
289 silly idealTree +-- camelcase@4.1.0
289 silly idealTree +-- capture-stack-trace@1.0.1
289 silly idealTree +-- caseless@0.12.0
289 silly idealTree +-- chai@3.5.0
289 silly idealTree +-- chalk@2.4.2
289 silly idealTree +-- char-props@0.1.5
289 silly idealTree +-- chokidar@2.1.8
289 silly idealTree +-- chownr@1.1.4
289 silly idealTree +-- ci-info@1.6.0
289 silly idealTree +-- class-utils@0.3.6
289 silly idealTree | `-- define-property@0.2.5
289 silly idealTree +-- cli-boxes@1.0.0
289 silly idealTree +-- code-point-at@1.1.0
289 silly idealTree +-- collection-visit@1.0.0
289 silly idealTree +-- color-convert@1.9.3
289 silly idealTree +-- color-name@1.1.3
289 silly idealTree +-- combined-stream@1.0.8
289 silly idealTree +-- complain@1.6.0
289 silly idealTree +-- component-emitter@1.3.0
289 silly idealTree +-- concat-map@0.0.1
289 silly idealTree +-- configstore@3.1.5
289 silly idealTree +-- console-control-strings@1.1.0
289 silly idealTree +-- content-disposition@0.5.2
289 silly idealTree +-- content-type@1.0.4
289 silly idealTree +-- cookie-signature@1.0.6
289 silly idealTree +-- cookie@0.3.1
289 silly idealTree +-- copy-descriptor@0.1.1
289 silly idealTree +-- core-util-is@1.0.2
289 silly idealTree +-- create-error-class@3.0.2
289 silly idealTree +-- cross-spawn@5.1.0
289 silly idealTree +-- crypto-random-string@1.0.0
289 silly idealTree +-- dashdash@1.14.1
289 silly idealTree +-- debug@2.6.9
289 silly idealTree +-- decode-uri-component@0.2.0
289 silly idealTree +-- deep-eql@0.1.3
289 silly idealTree | `-- type-detect@0.1.1
289 silly idealTree +-- deep-extend@0.6.0
289 silly idealTree +-- deep-is@0.1.3
289 silly idealTree +-- define-property@2.0.2
289 silly idealTree | +-- is-accessor-descriptor@1.0.0
289 silly idealTree | +-- is-data-descriptor@1.0.0
289 silly idealTree | `-- is-descriptor@1.0.2
289 silly idealTree +-- delayed-stream@1.0.0
289 silly idealTree +-- delegates@1.0.0
289 silly idealTree +-- depd@1.1.2
289 silly idealTree +-- deresolve@1.1.2
289 silly idealTree | `-- resolve-from@1.0.1
289 silly idealTree +-- destroy@1.0.4
289 silly idealTree +-- detect-libc@1.0.3
289 silly idealTree +-- dot-prop@4.2.1
289 silly idealTree +-- duplexer3@0.1.4
289 silly idealTree +-- ecc-jsbn@0.1.2
289 silly idealTree +-- ee-first@1.1.1
289 silly idealTree +-- encodeurl@1.0.2
289 silly idealTree +-- error-stack-parser@2.0.6
289 silly idealTree +-- escape-html@1.0.3
289 silly idealTree +-- escape-string-regexp@1.0.5
289 silly idealTree +-- escodegen@1.14.3
289 silly idealTree | `-- source-map@0.6.1
289 silly idealTree +-- esprima@4.0.1
289 silly idealTree +-- estraverse@4.3.0
289 silly idealTree +-- esutils@2.0.3
289 silly idealTree +-- etag@1.8.1
289 silly idealTree +-- events-light@1.0.5
289 silly idealTree +-- events@1.1.1
289 silly idealTree +-- execa@0.7.0
289 silly idealTree +-- expand-brackets@2.1.4
289 silly idealTree | +-- define-property@0.2.5
289 silly idealTree | `-- extend-shallow@2.0.1
289 silly idealTree +-- express@4.16.3
289 silly idealTree +-- extend-shallow@3.0.2
289 silly idealTree | `-- is-extendable@1.0.1
289 silly idealTree +-- extend@3.0.2
289 silly idealTree +-- extglob@2.0.4
289 silly idealTree | +-- define-property@1.0.0
289 silly idealTree | +-- extend-shallow@2.0.1
289 silly idealTree | +-- is-accessor-descriptor@1.0.0
289 silly idealTree | +-- is-data-descriptor@1.0.0
289 silly idealTree | `-- is-descriptor@1.0.2
289 silly idealTree +-- extsprintf@1.3.0
289 silly idealTree +-- fast-deep-equal@3.1.3
289 silly idealTree +-- fast-json-stable-stringify@2.1.0
289 silly idealTree +-- fast-levenshtein@2.0.6
289 silly idealTree +-- file-uri-to-path@1.0.0
289 silly idealTree +-- fill-range@4.0.0
289 silly idealTree | `-- extend-shallow@2.0.1
289 silly idealTree +-- finalhandler@1.1.1
289 silly idealTree +-- for-in@1.0.2
289 silly idealTree +-- forever-agent@0.6.1
289 silly idealTree +-- form-data@2.3.3
289 silly idealTree +-- forwarded@0.1.2
289 silly idealTree +-- fragment-cache@0.2.1
289 silly idealTree +-- fresh@0.5.2
289 silly idealTree +-- fs-minipass@1.2.7
289 silly idealTree +-- fs.realpath@1.0.0
289 silly idealTree +-- fsevents@1.2.13
289 silly idealTree +-- gauge@2.7.4
289 silly idealTree | +-- ansi-regex@2.1.1
289 silly idealTree | +-- is-fullwidth-code-point@1.0.0
289 silly idealTree | +-- string-width@1.0.2
289 silly idealTree | `-- strip-ansi@3.0.1
289 silly idealTree +-- get-stream@3.0.0
289 silly idealTree +-- get-value@2.0.6
289 silly idealTree +-- getpass@0.1.7
289 silly idealTree +-- glob-parent@3.1.0
289 silly idealTree | `-- is-glob@3.1.0
289 silly idealTree +-- glob@7.1.6
289 silly idealTree +-- global-dirs@0.1.1
289 silly idealTree +-- got@6.7.1
289 silly idealTree +-- graceful-fs@4.2.4
289 silly idealTree +-- har-schema@2.0.0
289 silly idealTree +-- har-validator@5.1.5
289 silly idealTree +-- has-flag@3.0.0
289 silly idealTree +-- has-unicode@2.0.1
289 silly idealTree +-- has-value@1.0.0
289 silly idealTree +-- has-values@1.0.0
289 silly idealTree | `-- kind-of@4.0.0
289 silly idealTree +-- he@1.2.0
289 silly idealTree +-- htmljs-parser@2.9.1
289 silly idealTree +-- http-errors@1.6.3
289 silly idealTree +-- http-signature@1.2.0
289 silly idealTree +-- iconv-lite@0.4.19
289 silly idealTree +-- ignore-by-default@1.0.1
289 silly idealTree +-- ignore-walk@3.0.3
289 silly idealTree +-- import-lazy@2.1.0
289 silly idealTree +-- imurmurhash@0.1.4
289 silly idealTree +-- inflight@1.0.6
289 silly idealTree +-- inherits@2.0.3
289 silly idealTree +-- ini@1.3.8
289 silly idealTree +-- ipaddr.js@1.9.1
289 silly idealTree +-- is-accessor-descriptor@0.1.6
289 silly idealTree | `-- kind-of@3.2.2
289 silly idealTree +-- is-binary-path@1.0.1
289 silly idealTree +-- is-buffer@1.1.6
289 silly idealTree +-- is-ci@1.2.1
289 silly idealTree +-- is-data-descriptor@0.1.4
289 silly idealTree | `-- kind-of@3.2.2
289 silly idealTree +-- is-descriptor@0.1.6
289 silly idealTree | `-- kind-of@5.1.0
289 silly idealTree +-- is-extendable@0.1.1
289 silly idealTree +-- is-extglob@2.1.1
289 silly idealTree +-- is-fullwidth-code-point@2.0.0
289 silly idealTree +-- is-glob@4.0.1
289 silly idealTree +-- is-installed-globally@0.1.0
289 silly idealTree +-- is-npm@1.0.0
289 silly idealTree +-- is-number@3.0.0
289 silly idealTree | `-- kind-of@3.2.2
289 silly idealTree +-- is-obj@1.0.1
289 silly idealTree +-- is-path-inside@1.0.1
289 silly idealTree +-- is-plain-object@2.0.4
289 silly idealTree +-- is-redirect@1.0.0
289 silly idealTree +-- is-retry-allowed@1.2.0
289 silly idealTree +-- is-stream@1.1.0
289 silly idealTree +-- is-typedarray@1.0.0
289 silly idealTree +-- is-windows@1.0.2
289 silly idealTree +-- isarray@1.0.0
289 silly idealTree +-- isexe@2.0.0
289 silly idealTree +-- isobject@3.0.1
289 silly idealTree +-- isstream@0.1.2
289 silly idealTree +-- jsbn@0.1.1
289 silly idealTree +-- json-schema-traverse@0.4.1
289 silly idealTree +-- json-schema@0.2.3
289 silly idealTree +-- json-stringify-safe@5.0.1
289 silly idealTree +-- jsprim@1.4.1
289 silly idealTree +-- kind-of@6.0.3
289 silly idealTree +-- lasso-caching-fs@1.0.2
289 silly idealTree +-- lasso-modules-client@2.0.7
289 silly idealTree +-- lasso-package-root@1.0.1
289 silly idealTree +-- latest-version@3.1.0
289 silly idealTree +-- levn@0.3.0
289 silly idealTree +-- listener-tracker@2.0.0
289 silly idealTree +-- lowercase-keys@1.0.1
289 silly idealTree +-- lru-cache@4.1.5
289 silly idealTree +-- make-dir@1.3.0
289 silly idealTree +-- map-cache@0.2.2
289 silly idealTree +-- map-visit@1.0.0
289 silly idealTree +-- marko@4.13.4-1
289 silly idealTree +-- media-typer@0.3.0
289 silly idealTree +-- merge-descriptors@1.0.1
289 silly idealTree +-- methods@1.1.2
289 silly idealTree +-- micromatch@3.1.10
289 silly idealTree +-- mime-db@1.45.0
289 silly idealTree +-- mime-types@2.1.28
289 silly idealTree +-- mime@1.4.1
289 silly idealTree +-- minimatch@3.0.4
289 silly idealTree +-- minimist@1.2.5
289 silly idealTree +-- minipass@2.9.0
289 silly idealTree | +-- safe-buffer@5.2.1
289 silly idealTree | `-- yallist@3.1.1
289 silly idealTree +-- minizlib@1.3.3
289 silly idealTree +-- mixin-deep@1.3.2
289 silly idealTree | `-- is-extendable@1.0.1
289 silly idealTree +-- mkdirp@0.5.5
289 silly idealTree +-- ms@2.0.0
289 silly idealTree +-- nan@2.14.2
289 silly idealTree +-- nanomatch@1.2.13
289 silly idealTree +-- needle@2.6.0
289 silly idealTree | +-- debug@3.2.7
289 silly idealTree | `-- ms@2.1.3
289 silly idealTree +-- negotiator@0.6.2
289 silly idealTree +-- node-pre-gyp@0.10.3
289 silly idealTree | `-- nopt@4.0.3
289 silly idealTree +-- nodemon@1.18.4
289 silly idealTree | +-- debug@3.2.7
289 silly idealTree | `-- ms@2.1.3
289 silly idealTree +-- nopt@1.0.10
289 silly idealTree +-- normalize-path@3.0.0
289 silly idealTree +-- npm-bundled@1.1.1
289 silly idealTree +-- npm-normalize-package-bin@1.0.1
289 silly idealTree +-- npm-packlist@1.4.8
289 silly idealTree +-- npm-run-path@2.0.2
289 silly idealTree +-- npmlog@4.1.2
289 silly idealTree +-- number-is-nan@1.0.1
289 silly idealTree +-- oauth-sign@0.9.0
289 silly idealTree +-- object-assign@4.1.1
289 silly idealTree +-- object-copy@0.1.0
289 silly idealTree | +-- define-property@0.2.5
289 silly idealTree | `-- kind-of@3.2.2
289 silly idealTree +-- object-visit@1.0.1
289 silly idealTree +-- object.pick@1.3.0
289 silly idealTree +-- on-finished@2.3.0
289 silly idealTree +-- once@1.4.0
289 silly idealTree +-- optionator@0.8.3
289 silly idealTree +-- os-homedir@1.0.2
289 silly idealTree +-- os-tmpdir@1.0.2
289 silly idealTree +-- osenv@0.1.5
289 silly idealTree +-- p-finally@1.0.0
289 silly idealTree +-- package-json@4.0.1
289 silly idealTree +-- parseurl@1.3.3
289 silly idealTree +-- pascalcase@0.1.1
289 silly idealTree +-- path-dirname@1.0.2
289 silly idealTree +-- path-is-absolute@1.0.1
289 silly idealTree +-- path-is-inside@1.0.2
289 silly idealTree +-- path-key@2.0.1
289 silly idealTree +-- path-to-regexp@0.1.7
289 silly idealTree +-- performance-now@2.1.0
289 silly idealTree +-- pify@3.0.0
289 silly idealTree +-- posix-character-classes@0.1.1
289 silly idealTree +-- prelude-ls@1.1.2
289 silly idealTree +-- prepend-http@1.0.4
289 silly idealTree +-- process-nextick-args@2.0.1
289 silly idealTree +-- property-handlers@1.1.1
289 silly idealTree +-- proxy-addr@2.0.6
289 silly idealTree +-- pseudomap@1.0.2
289 silly idealTree +-- psl@1.8.0
289 silly idealTree +-- pstree.remy@1.1.8
289 silly idealTree +-- punycode@2.1.1
289 silly idealTree +-- q@1.5.1
289 silly idealTree +-- qs@6.5.1
289 silly idealTree +-- range-parser@1.2.1
289 silly idealTree +-- raptor-async@1.1.3
289 silly idealTree +-- raptor-json@1.1.0
289 silly idealTree +-- raptor-polyfill@1.1.0
289 silly idealTree +-- raptor-promises@1.0.3
289 silly idealTree | `-- raptor-util@1.1.2
289 silly idealTree +-- raptor-regexp@1.0.1
289 silly idealTree +-- raptor-strings@1.0.2
289 silly idealTree +-- raptor-util@3.2.0
289 silly idealTree +-- raw-body@2.3.2
289 silly idealTree | +-- depd@1.1.1
289 silly idealTree | +-- http-errors@1.6.2
289 silly idealTree | `-- setprototypeof@1.0.3
289 silly idealTree +-- rc@1.2.8
289 silly idealTree +-- readable-stream@2.3.7
289 silly idealTree +-- readdirp@2.2.1
289 silly idealTree +-- regex-not@1.0.2
289 silly idealTree +-- registry-auth-token@3.4.0
289 silly idealTree +-- registry-url@3.1.0
289 silly idealTree +-- remove-trailing-separator@1.1.0
289 silly idealTree +-- repeat-element@1.1.3
289 silly idealTree +-- repeat-string@1.6.1
289 silly idealTree +-- request@2.88.2
289 silly idealTree | +-- qs@6.5.2
289 silly idealTree | `-- safe-buffer@5.2.1
289 silly idealTree +-- resolve-from@2.0.0
289 silly idealTree +-- resolve-url@0.2.1
289 silly idealTree +-- ret@0.1.15
289 silly idealTree +-- rimraf@2.7.1
289 silly idealTree +-- rusha@0.8.13
289 silly idealTree +-- safe-buffer@5.1.1
289 silly idealTree +-- safe-regex@1.1.0
289 silly idealTree +-- safer-buffer@2.1.2
289 silly idealTree +-- sax@1.2.4
289 silly idealTree +-- semver-diff@2.1.0
289 silly idealTree +-- semver@5.7.1
289 silly idealTree +-- send@0.16.2
289 silly idealTree +-- serve-static@1.13.2
289 silly idealTree +-- set-blocking@2.0.0
289 silly idealTree +-- set-value@2.0.1
289 silly idealTree | `-- extend-shallow@2.0.1
289 silly idealTree +-- setprototypeof@1.1.0
289 silly idealTree +-- shebang-command@1.2.0
289 silly idealTree +-- shebang-regex@1.0.0
289 silly idealTree +-- shorthash@0.0.2
289 silly idealTree +-- signal-exit@3.0.3
289 silly idealTree +-- simple-sha1@2.1.2
289 silly idealTree +-- snapdragon-node@2.1.1
289 silly idealTree | +-- define-property@1.0.0
289 silly idealTree | +-- is-accessor-descriptor@1.0.0
289 silly idealTree | +-- is-data-descriptor@1.0.0
289 silly idealTree | `-- is-descriptor@1.0.2
289 silly idealTree +-- snapdragon-util@3.0.1
289 silly idealTree | `-- kind-of@3.2.2
289 silly idealTree +-- snapdragon@0.8.2
289 silly idealTree | +-- define-property@0.2.5
289 silly idealTree | `-- extend-shallow@2.0.1
289 silly idealTree +-- source-map-resolve@0.5.3
289 silly idealTree +-- source-map-url@0.4.0
289 silly idealTree +-- source-map@0.5.7
289 silly idealTree +-- split-string@3.1.0
289 silly idealTree +-- sqlite3@4.0.2
289 silly idealTree | `-- nan@2.10.0
289 silly idealTree +-- sshpk@1.16.1
289 silly idealTree +-- stackframe@1.2.0
289 silly idealTree +-- static-extend@0.1.2
289 silly idealTree | `-- define-property@0.2.5
289 silly idealTree +-- statuses@1.4.0
289 silly idealTree +-- string_decoder@1.1.1
289 silly idealTree +-- string-width@2.1.1
289 silly idealTree +-- strip-ansi@4.0.0
289 silly idealTree +-- strip-eof@1.0.0
289 silly idealTree +-- strip-json-comments@2.0.1
289 silly idealTree +-- supports-color@5.5.0
289 silly idealTree +-- tar@4.4.13
289 silly idealTree | +-- safe-buffer@5.2.1
289 silly idealTree | `-- yallist@3.1.1
289 silly idealTree +-- term-size@1.2.0
289 silly idealTree +-- timed-out@4.0.1
289 silly idealTree +-- to-object-path@0.3.0
289 silly idealTree | `-- kind-of@3.2.2
289 silly idealTree +-- to-regex-range@2.1.1
289 silly idealTree +-- to-regex@3.0.2
289 silly idealTree +-- touch@3.1.0
289 silly idealTree +-- tough-cookie@2.5.0
289 silly idealTree +-- try-require@1.2.1
289 silly idealTree +-- tunnel-agent@0.6.0
289 silly idealTree +-- tweetnacl@0.14.5
289 silly idealTree +-- type-check@0.3.2
289 silly idealTree +-- type-detect@1.0.0
289 silly idealTree +-- type-is@1.6.18
289 silly idealTree +-- undefsafe@2.0.3
289 silly idealTree +-- union-value@1.0.1
289 silly idealTree +-- unique-string@1.0.0
289 silly idealTree +-- unpipe@1.0.0
289 silly idealTree +-- unset-value@1.0.0
289 silly idealTree | +-- has-value@0.3.1
289 silly idealTree | | `-- isobject@2.1.0
289 silly idealTree | `-- has-values@0.1.4
289 silly idealTree +-- unzip-response@2.0.1
289 silly idealTree +-- upath@1.2.0
289 silly idealTree +-- update-notifier@2.5.0
289 silly idealTree +-- uri-js@4.4.0
289 silly idealTree +-- urix@0.1.0
289 silly idealTree +-- url-parse-lax@1.0.0
289 silly idealTree +-- use@3.1.1
289 silly idealTree +-- util-deprecate@1.0.2
289 silly idealTree +-- utils-merge@1.0.1
289 silly idealTree +-- uuid@3.4.0
289 silly idealTree +-- vary@1.1.2
289 silly idealTree +-- verror@1.10.0
289 silly idealTree +-- warp10@1.3.6
289 silly idealTree +-- which@1.3.1
289 silly idealTree +-- wide-align@1.1.3
289 silly idealTree +-- widest-line@2.0.1
289 silly idealTree +-- word-wrap@1.2.3
289 silly idealTree +-- wrappy@1.0.2
289 silly idealTree +-- write-file-atomic@2.4.3
289 silly idealTree +-- xdg-basedir@3.0.0
289 silly idealTree `-- yallist@2.1.2
290 silly install generateActionsToTake
291 timing stage:generateActionsToTake Completed in 37ms
292 silly diffTrees action count 8
293 silly diffTrees add delegates@1.0.0
294 silly diffTrees add are-we-there-yet@1.1.5
295 silly diffTrees add fsevents@1.2.13
296 silly diffTrees add nopt@4.0.3
297 silly diffTrees add npmlog@4.1.2
298 silly diffTrees add node-pre-gyp@0.10.3
299 silly diffTrees add nan@2.10.0
300 silly diffTrees add sqlite3@4.0.2
301 silly decomposeActions action count 64
302 silly decomposeActions fetch delegates@1.0.0
303 silly decomposeActions extract delegates@1.0.0
304 silly decomposeActions preinstall delegates@1.0.0
305 silly decomposeActions build delegates@1.0.0
306 silly decomposeActions install delegates@1.0.0
307 silly decomposeActions postinstall delegates@1.0.0
308 silly decomposeActions finalize delegates@1.0.0
309 silly decomposeActions refresh-package-json delegates@1.0.0
310 silly decomposeActions fetch are-we-there-yet@1.1.5
311 silly decomposeActions extract are-we-there-yet@1.1.5
312 silly decomposeActions preinstall are-we-there-yet@1.1.5
313 silly decomposeActions build are-we-there-yet@1.1.5
314 silly decomposeActions install are-we-there-yet@1.1.5
315 silly decomposeActions postinstall are-we-there-yet@1.1.5
316 silly decomposeActions finalize are-we-there-yet@1.1.5
317 silly decomposeActions refresh-package-json are-we-there-yet@1.1.5
318 silly decomposeActions fetch fsevents@1.2.13
319 silly decomposeActions extract fsevents@1.2.13
320 silly decomposeActions preinstall fsevents@1.2.13
321 silly decomposeActions build fsevents@1.2.13
322 silly decomposeActions install fsevents@1.2.13
323 silly decomposeActions postinstall fsevents@1.2.13
324 silly decomposeActions finalize fsevents@1.2.13
325 silly decomposeActions refresh-package-json fsevents@1.2.13
326 silly decomposeActions fetch nopt@4.0.3
327 silly decomposeActions extract nopt@4.0.3
328 silly decomposeActions preinstall nopt@4.0.3
329 silly decomposeActions build nopt@4.0.3
330 silly decomposeActions install nopt@4.0.3
331 silly decomposeActions postinstall nopt@4.0.3
332 silly decomposeActions finalize nopt@4.0.3
333 silly decomposeActions refresh-package-json nopt@4.0.3
334 silly decomposeActions fetch npmlog@4.1.2
335 silly decomposeActions extract npmlog@4.1.2
336 silly decomposeActions preinstall npmlog@4.1.2
337 silly decomposeActions build npmlog@4.1.2
338 silly decomposeActions install npmlog@4.1.2
339 silly decomposeActions postinstall npmlog@4.1.2
340 silly decomposeActions finalize npmlog@4.1.2
341 silly decomposeActions refresh-package-json npmlog@4.1.2
342 silly decomposeActions fetch node-pre-gyp@0.10.3
343 silly decomposeActions extract node-pre-gyp@0.10.3
344 silly decomposeActions preinstall node-pre-gyp@0.10.3
345 silly decomposeActions build node-pre-gyp@0.10.3
346 silly decomposeActions install node-pre-gyp@0.10.3
347 silly decomposeActions postinstall node-pre-gyp@0.10.3
348 silly decomposeActions finalize node-pre-gyp@0.10.3
349 silly decomposeActions refresh-package-json node-pre-gyp@0.10.3
350 silly decomposeActions fetch nan@2.10.0
351 silly decomposeActions extract nan@2.10.0
352 silly decomposeActions preinstall nan@2.10.0
353 silly decomposeActions build nan@2.10.0
354 silly decomposeActions install nan@2.10.0
355 silly decomposeActions postinstall nan@2.10.0
356 silly decomposeActions finalize nan@2.10.0
357 silly decomposeActions refresh-package-json nan@2.10.0
358 silly decomposeActions fetch sqlite3@4.0.2
359 silly decomposeActions extract sqlite3@4.0.2
360 silly decomposeActions preinstall sqlite3@4.0.2
361 silly decomposeActions build sqlite3@4.0.2
362 silly decomposeActions install sqlite3@4.0.2
363 silly decomposeActions postinstall sqlite3@4.0.2
364 silly decomposeActions finalize sqlite3@4.0.2
365 silly decomposeActions refresh-package-json sqlite3@4.0.2
366 silly install executeActions
367 silly doSerial global-install 64
368 verbose correctMkdir C:\Users\User\AppData\Roaming\npm-cache\_locks correctMkdir not in flight; initializing
369 verbose makeCacheDir UID & GID are irrelevant on win32
370 verbose lock using C:\Users\User\AppData\Roaming\npm-cache\_locks\staging-b2bdce5c928d27f6.lock for C:\Users\User\OneDrive\Documentos\Aulas\node\node_modules\.staging
371 silly doParallel extract 8
372 silly extract delegates@1.0.0
373 silly extract are-we-there-yet@1.1.5
374 silly extract nopt@4.0.3
375 silly extract npmlog@4.1.2
376 silly extract node-pre-gyp@0.10.3
377 silly extract nan@2.10.0
378 silly extract sqlite3@4.0.2
379 silly extract fsevents@1.2.13
380 silly tarball trying delegates@^1.0.0 by hash: sha1-hMbhWbgZBP3KWaDvRM2HDTElD5o=
381 silly tarball trying are-we-there-yet@~1.1.2 by hash: sha512-5hYdAkZlcG8tOLujVDTgCT+uPX0VnpAH28gWsLfzpXYm7wP6mp5Q/gYyR7YQ0cKVJcXJnl3j2kpBan13PtQf6w==
382 silly tarball trying nopt@^4.0.1 by hash: sha512-CvaGwVMztSMJLOeXPrez7fyfObdZqNUK1cPAEzLHrTybIua9pMdmmPR5YwtfNftIOMv3DPUhFaxsZMNTQO20Kg==
383 silly tarball trying npmlog@^4.0.2 by hash: sha512-2uUqazuKlTaSI/dC8AzicUck7+IrEaOnN/e0jd3Xtt1KcGpwx30v50mL7oPyr/h9bL3E4aZccVwpwP+5W9Vjkg==
384 silly tarball trying node-pre-gyp@^0.10.3 by hash: sha512-d1xFs+C/IPS8Id0qPTZ4bUT8wWryfR/OzzAFxweG+uLN85oPzyo2Iw6bVlLQ/JOdgNonXLCoRyqDzDWq4iw72A==
385 silly tarball trying sqlite3@4.0.2 by hash: sha512-51ferIRwYOhzUEtogqOa/y9supADlAht98bF/gbIi6WkzRJX6Yioldxbzj1MV4yV+LgdKD/kkHwFTeFXOG4htA==
386 silly tarball trying nan@~2.10.0 by hash: sha512-bAdJv7fBLhWC+/Bls0Oza+mvTaNQtP+1RyhhhvD95pgUJz6XM5IzgmxOkItJ9tkoCiplvAnXI1tNmmUD/eScyA==
387 silly tarball trying fsevents@1.2.13 by hash: sha512-oWb1Z6mkHIskLzEJ/XWX0srkpkTQ7vaopMQkyaEIoq0fmtFVxOthb8cCxeT+p3ynTdkk/RZwbgG4brR5BeWECw==
388 silly extract npmlog@^4.0.2 extracted to C:\Users\User\OneDrive\Documentos\Aulas\node\node_modules\.staging\npmlog-d7833cfe (81ms)
389 silly extract delegates@^1.0.0 extracted to C:\Users\User\OneDrive\Documentos\Aulas\node\node_modules\.staging\delegates-6f479d0c (86ms)
390 silly extract are-we-there-yet@~1.1.2 extracted to C:\Users\User\OneDrive\Documentos\Aulas\node\node_modules\.staging\are-we-there-yet-b7a8ae22 (88ms)
391 silly extract nopt@^4.0.1 extracted to C:\Users\User\OneDrive\Documentos\Aulas\node\node_modules\.staging\nopt-2089191e (89ms)
392 silly extract fsevents@1.2.13 extracted to C:\Users\User\OneDrive\Documentos\Aulas\node\node_modules\.staging\fsevents-4bb19538 (93ms)
393 silly extract node-pre-gyp@^0.10.3 extracted to C:\Users\User\OneDrive\Documentos\Aulas\node\node_modules\.staging\node-pre-gyp-1e2fd901 (135ms)
394 silly extract nan@~2.10.0 extracted to C:\Users\User\OneDrive\Documentos\Aulas\node\node_modules\.staging\nan-8da362a3 (146ms)
395 silly extract sqlite3@4.0.2 extracted to C:\Users\User\OneDrive\Documentos\Aulas\node\node_modules\.staging\sqlite3-7de48e68 (175ms)
396 timing action:extract Completed in 178ms
397 silly doReverseSerial unbuild 64
398 silly doSerial remove 64
399 silly doSerial move 64
400 silly doSerial finalize 64
401 silly finalize C:\Users\User\OneDrive\Documentos\Aulas\node\node_modules\delegates
402 silly finalize C:\Users\User\OneDrive\Documentos\Aulas\node\node_modules\are-we-there-yet
403 silly finalize C:\Users\User\OneDrive\Documentos\Aulas\node\node_modules\fsevents
404 silly finalize C:\Users\User\OneDrive\Documentos\Aulas\node\node_modules\node-pre-gyp\node_modules\nopt
405 silly finalize C:\Users\User\OneDrive\Documentos\Aulas\node\node_modules\npmlog
406 silly finalize C:\Users\User\OneDrive\Documentos\Aulas\node\node_modules\node-pre-gyp
407 silly finalize C:\Users\User\OneDrive\Documentos\Aulas\node\node_modules\sqlite3\node_modules\nan
408 silly finalize C:\Users\User\OneDrive\Documentos\Aulas\node\node_modules\sqlite3
409 timing action:finalize Completed in 33ms
410 silly doParallel refresh-package-json 8
411 silly refresh-package-json C:\Users\User\OneDrive\Documentos\Aulas\node\node_modules\delegates
412 silly refresh-package-json C:\Users\User\OneDrive\Documentos\Aulas\node\node_modules\are-we-there-yet
413 silly refresh-package-json C:\Users\User\OneDrive\Documentos\Aulas\node\node_modules\fsevents
414 silly refresh-package-json C:\Users\User\OneDrive\Documentos\Aulas\node\node_modules\node-pre-gyp\node_modules\nopt
415 silly refresh-package-json C:\Users\User\OneDrive\Documentos\Aulas\node\node_modules\npmlog
416 silly refresh-package-json C:\Users\User\OneDrive\Documentos\Aulas\node\node_modules\node-pre-gyp
417 silly refresh-package-json C:\Users\User\OneDrive\Documentos\Aulas\node\node_modules\sqlite3\node_modules\nan
418 silly refresh-package-json C:\Users\User\OneDrive\Documentos\Aulas\node\node_modules\sqlite3
419 timing action:refresh-package-json Completed in 32ms
420 silly doParallel preinstall 8
421 silly preinstall delegates@1.0.0
422 info lifecycle delegates@1.0.0~preinstall: delegates@1.0.0
423 silly preinstall are-we-there-yet@1.1.5
424 info lifecycle are-we-there-yet@1.1.5~preinstall: are-we-there-yet@1.1.5
425 silly preinstall nopt@4.0.3
426 info lifecycle nopt@4.0.3~preinstall: nopt@4.0.3
427 silly preinstall npmlog@4.1.2
428 info lifecycle npmlog@4.1.2~preinstall: npmlog@4.1.2
429 silly preinstall node-pre-gyp@0.10.3
430 info lifecycle node-pre-gyp@0.10.3~preinstall: node-pre-gyp@0.10.3
431 silly preinstall nan@2.10.0
432 info lifecycle nan@2.10.0~preinstall: nan@2.10.0
433 silly preinstall sqlite3@4.0.2
434 info lifecycle sqlite3@4.0.2~preinstall: sqlite3@4.0.2
435 timing action:preinstall Completed in 1ms
436 silly doSerial build 64
437 silly build delegates@1.0.0
438 info linkStuff delegates@1.0.0
439 silly linkStuff delegates@1.0.0 has C:\Users\User\OneDrive\Documentos\Aulas\node\node_modules as its parent node_modules
440 silly build are-we-there-yet@1.1.5
441 info linkStuff are-we-there-yet@1.1.5
442 silly linkStuff are-we-there-yet@1.1.5 has C:\Users\User\OneDrive\Documentos\Aulas\node\node_modules as its parent node_modules
443 silly build nopt@4.0.3
444 info linkStuff nopt@4.0.3
445 silly linkStuff nopt@4.0.3 has C:\Users\User\OneDrive\Documentos\Aulas\node\node_modules\node-pre-gyp\node_modules as its parent node_modules
446 verbose linkBins [
446 verbose linkBins   { nopt: 'bin/nopt.js' },
446 verbose linkBins   'C:\\Users\\User\\OneDrive\\Documentos\\Aulas\\node\\node_modules\\node-pre-gyp\\node_modules\\.bin',
446 verbose linkBins   false
446 verbose linkBins ]
447 silly build npmlog@4.1.2
448 info linkStuff npmlog@4.1.2
449 silly linkStuff npmlog@4.1.2 has C:\Users\User\OneDrive\Documentos\Aulas\node\node_modules as its parent node_modules
450 silly build node-pre-gyp@0.10.3
451 info linkStuff node-pre-gyp@0.10.3
452 silly linkStuff node-pre-gyp@0.10.3 has C:\Users\User\OneDrive\Documentos\Aulas\node\node_modules as its parent node_modules
453 verbose linkBins [
453 verbose linkBins   { 'node-pre-gyp': 'bin/node-pre-gyp' },
453 verbose linkBins   'C:\\Users\\User\\OneDrive\\Documentos\\Aulas\\node\\node_modules\\.bin',
453 verbose linkBins   false
453 verbose linkBins ]
454 silly build nan@2.10.0
455 info linkStuff nan@2.10.0
456 silly linkStuff nan@2.10.0 has C:\Users\User\OneDrive\Documentos\Aulas\node\node_modules\sqlite3\node_modules as its parent node_modules
457 silly build sqlite3@4.0.2
458 info linkStuff sqlite3@4.0.2
459 silly linkStuff sqlite3@4.0.2 has C:\Users\User\OneDrive\Documentos\Aulas\node\node_modules as its parent node_modules
460 timing action:build Completed in 26ms
461 silly doSerial global-link 64
462 silly doParallel update-linked 0
463 silly doSerial install 64
464 silly install delegates@1.0.0
465 info lifecycle delegates@1.0.0~install: delegates@1.0.0
466 silly install are-we-there-yet@1.1.5
467 info lifecycle are-we-there-yet@1.1.5~install: are-we-there-yet@1.1.5
468 silly install nopt@4.0.3
469 info lifecycle nopt@4.0.3~install: nopt@4.0.3
470 silly install npmlog@4.1.2
471 info lifecycle npmlog@4.1.2~install: npmlog@4.1.2
472 silly install node-pre-gyp@0.10.3
473 info lifecycle node-pre-gyp@0.10.3~install: node-pre-gyp@0.10.3
474 silly install nan@2.10.0
475 info lifecycle nan@2.10.0~install: nan@2.10.0
476 silly install sqlite3@4.0.2
477 info lifecycle sqlite3@4.0.2~install: sqlite3@4.0.2
478 verbose lifecycle sqlite3@4.0.2~install: unsafe-perm in lifecycle true
479 verbose lifecycle sqlite3@4.0.2~install: PATH: C:\Program Files\nodejs\node_modules\npm\node_modules\npm-lifecycle\node-gyp-bin;C:\Users\User\OneDrive\Documentos\Aulas\node\node_modules\sqlite3\node_modules\.bin;C:\Users\User\OneDrive\Documentos\Aulas\node\node_modules\.bin;C:\WINDOWS\system32;C:\WINDOWS;C:\WINDOWS\System32\Wbem;C:\WINDOWS\System32\WindowsPowerShell\v1.0\;C:\WINDOWS\System32\OpenSSH\;C:\Program Files\nodejs\;C:\Program Files\Git\cmd;C:\Users\User\AppData\Local\Microsoft\WindowsApps;;C:\Users\User\AppData\Local\Programs\Microsoft VS Code\bin;C:\Users\User\AppData\Roaming\npm
480 verbose lifecycle sqlite3@4.0.2~install: CWD: C:\Users\User\OneDrive\Documentos\Aulas\node\node_modules\sqlite3
481 silly lifecycle sqlite3@4.0.2~install: Args: [ '/d /s /c', 'node-pre-gyp install --fallback-to-build' ]
482 timing audit submit Completed in 361ms
483 http fetch POST 200 https://registry.npmjs.org/-/npm/v1/security/audits/quick 361ms
484 timing audit body Completed in 1ms
485 silly lifecycle sqlite3@4.0.2~install: Returned: code: 1  signal: null
486 info lifecycle sqlite3@4.0.2~install: Failed to exec install script
487 timing action:install Completed in 2997ms
488 verbose unlock done using C:\Users\User\AppData\Roaming\npm-cache\_locks\staging-b2bdce5c928d27f6.lock for C:\Users\User\OneDrive\Documentos\Aulas\node\node_modules\.staging
489 timing stage:rollbackFailedOptional Completed in 30ms
490 timing stage:runTopLevelLifecycles Completed in 8944ms
491 silly saveTree 1@1.0.0
491 silly saveTree +-- express@4.16.3
491 silly saveTree | +-- accepts@1.3.7
491 silly saveTree | | +-- mime-types@2.1.28
491 silly saveTree | | | `-- mime-db@1.45.0
491 silly saveTree | | `-- negotiator@0.6.2
491 silly saveTree | +-- array-flatten@1.1.1
491 silly saveTree | +-- body-parser@1.18.2
491 silly saveTree | | +-- bytes@3.0.0
491 silly saveTree | | +-- content-type@1.0.4
491 silly saveTree | | +-- debug@2.6.9
491 silly saveTree | | | `-- ms@2.0.0
491 silly saveTree | | +-- depd@1.1.2
491 silly saveTree | | +-- http-errors@1.6.3
491 silly saveTree | | | +-- inherits@2.0.3
491 silly saveTree | | | +-- setprototypeof@1.1.0
491 silly saveTree | | | `-- statuses@1.4.0
491 silly saveTree | | +-- iconv-lite@0.4.19
491 silly saveTree | | +-- on-finished@2.3.0
491 silly saveTree | | | `-- ee-first@1.1.1
491 silly saveTree | | +-- qs@6.5.1
491 silly saveTree | | +-- raw-body@2.3.2
491 silly saveTree | | | +-- http-errors@1.6.2
491 silly saveTree | | | | +-- depd@1.1.1
491 silly saveTree | | | | `-- setprototypeof@1.0.3
491 silly saveTree | | | `-- unpipe@1.0.0
491 silly saveTree | | `-- type-is@1.6.18
491 silly saveTree | |   `-- media-typer@0.3.0
491 silly saveTree | +-- content-disposition@0.5.2
491 silly saveTree | +-- content-type@1.0.4
491 silly saveTree | +-- cookie-signature@1.0.6
491 silly saveTree | +-- cookie@0.3.1
491 silly saveTree | +-- debug@2.6.9
491 silly saveTree | +-- depd@1.1.2
491 silly saveTree | +-- encodeurl@1.0.2
491 silly saveTree | +-- escape-html@1.0.3
491 silly saveTree | +-- etag@1.8.1
491 silly saveTree | +-- finalhandler@1.1.1
491 silly saveTree | | `-- parseurl@1.3.3
491 silly saveTree | +-- fresh@0.5.2
491 silly saveTree | +-- merge-descriptors@1.0.1
491 silly saveTree | +-- methods@1.1.2
491 silly saveTree | +-- on-finished@2.3.0
491 silly saveTree | +-- parseurl@1.3.3
491 silly saveTree | +-- path-to-regexp@0.1.7
491 silly saveTree | +-- proxy-addr@2.0.6
491 silly saveTree | | +-- forwarded@0.1.2
491 silly saveTree | | `-- ipaddr.js@1.9.1
491 silly saveTree | +-- qs@6.5.1
491 silly saveTree | +-- range-parser@1.2.1
491 silly saveTree | +-- safe-buffer@5.1.1
491 silly saveTree | +-- send@0.16.2
491 silly saveTree | | +-- destroy@1.0.4
491 silly saveTree | | `-- mime@1.4.1
491 silly saveTree | +-- serve-static@1.13.2
491 silly saveTree | +-- setprototypeof@1.1.0
491 silly saveTree | +-- statuses@1.4.0
491 silly saveTree | +-- type-is@1.6.18
491 silly saveTree | +-- utils-merge@1.0.1
491 silly saveTree | `-- vary@1.1.2
491 silly saveTree +-- marko@4.13.4-1
491 silly saveTree | +-- app-module-path@2.2.0
491 silly saveTree | +-- argly@1.2.0
491 silly saveTree | +-- browser-refresh-client@1.1.4
491 silly saveTree | +-- char-props@0.1.5
491 silly saveTree | +-- complain@1.6.0
491 silly saveTree | | `-- error-stack-parser@2.0.6
491 silly saveTree | |   `-- stackframe@1.2.0
491 silly saveTree | +-- deresolve@1.1.2
491 silly saveTree | | +-- lasso-package-root@1.0.1
491 silly saveTree | | | `-- lasso-caching-fs@1.0.2
491 silly saveTree | | |   `-- raptor-async@1.1.3
491 silly saveTree | | +-- raptor-polyfill@1.1.0
491 silly saveTree | | `-- resolve-from@1.0.1
491 silly saveTree | +-- escodegen@1.14.3
491 silly saveTree | | +-- esprima@4.0.1
491 silly saveTree | | +-- estraverse@4.3.0
491 silly saveTree | | +-- esutils@2.0.3
491 silly saveTree | | +-- optionator@0.8.3
491 silly saveTree | | | +-- deep-is@0.1.3
491 silly saveTree | | | +-- fast-levenshtein@2.0.6
491 silly saveTree | | | +-- levn@0.3.0
491 silly saveTree | | | | +-- prelude-ls@1.1.2
491 silly saveTree | | | | `-- type-check@0.3.2
491 silly saveTree | | | +-- prelude-ls@1.1.2
491 silly saveTree | | | +-- type-check@0.3.2
491 silly saveTree | | | `-- word-wrap@1.2.3
491 silly saveTree | | `-- source-map@0.6.1
491 silly saveTree | +-- esprima@4.0.1
491 silly saveTree | +-- estraverse@4.3.0
491 silly saveTree | +-- events-light@1.0.5
491 silly saveTree | | `-- chai@3.5.0
491 silly saveTree | |   +-- assertion-error@1.1.0
491 silly saveTree | |   +-- deep-eql@0.1.3
491 silly saveTree | |   | `-- type-detect@0.1.1
491 silly saveTree | |   `-- type-detect@1.0.0
491 silly saveTree | +-- events@1.1.1
491 silly saveTree | +-- he@1.2.0
491 silly saveTree | +-- htmljs-parser@2.9.1
491 silly saveTree | +-- lasso-caching-fs@1.0.2
491 silly saveTree | +-- lasso-modules-client@2.0.7
491 silly saveTree | +-- lasso-package-root@1.0.1
491 silly saveTree | +-- listener-tracker@2.0.0
491 silly saveTree | +-- minimatch@3.0.4
491 silly saveTree | | `-- brace-expansion@1.1.11
491 silly saveTree | |   +-- balanced-match@1.0.0
491 silly saveTree | |   `-- concat-map@0.0.1
491 silly saveTree | +-- object-assign@4.1.1
491 silly saveTree | +-- property-handlers@1.1.1
491 silly saveTree | +-- raptor-json@1.1.0
491 silly saveTree | | `-- raptor-strings@1.0.2
491 silly saveTree | +-- raptor-polyfill@1.1.0
491 silly saveTree | +-- raptor-promises@1.0.3
491 silly saveTree | | +-- q@1.5.1
491 silly saveTree | | `-- raptor-util@1.1.2
491 silly saveTree | +-- raptor-regexp@1.0.1
491 silly saveTree | +-- raptor-util@3.2.0
491 silly saveTree | +-- resolve-from@2.0.0
491 silly saveTree | +-- shorthash@0.0.2
491 silly saveTree | +-- simple-sha1@2.1.2
491 silly saveTree | | `-- rusha@0.8.13
491 silly saveTree | +-- strip-json-comments@2.0.1
491 silly saveTree | +-- try-require@1.2.1
491 silly saveTree | `-- warp10@1.3.6
491 silly saveTree +-- nodemon@1.18.4
491 silly saveTree | +-- chokidar@2.1.8
491 silly saveTree | | +-- anymatch@2.0.0
491 silly saveTree | | | +-- micromatch@3.1.10
491 silly saveTree | | | | +-- arr-diff@4.0.0
491 silly saveTree | | | | +-- array-unique@0.3.2
491 silly saveTree | | | | +-- braces@2.3.2
491 silly saveTree | | | | | +-- arr-flatten@1.1.0
491 silly saveTree | | | | | +-- extend-shallow@2.0.1
491 silly saveTree | | | | | | `-- is-extendable@0.1.1
491 silly saveTree | | | | | +-- fill-range@4.0.0
491 silly saveTree | | | | | | +-- extend-shallow@2.0.1
491 silly saveTree | | | | | | +-- is-number@3.0.0
491 silly saveTree | | | | | | | `-- kind-of@3.2.2
491 silly saveTree | | | | | | |   `-- is-buffer@1.1.6
491 silly saveTree | | | | | | +-- repeat-string@1.6.1
491 silly saveTree | | | | | | `-- to-regex-range@2.1.1
491 silly saveTree | | | | | +-- isobject@3.0.1
491 silly saveTree | | | | | +-- repeat-element@1.1.3
491 silly saveTree | | | | | +-- snapdragon-node@2.1.1
491 silly saveTree | | | | | | +-- define-property@1.0.0
491 silly saveTree | | | | | | | `-- is-descriptor@1.0.2
491 silly saveTree | | | | | | |   +-- is-accessor-descriptor@1.0.0
491 silly saveTree | | | | | | |   | `-- kind-of@6.0.3
491 silly saveTree | | | | | | |   +-- is-data-descriptor@1.0.0
491 silly saveTree | | | | | | |   `-- kind-of@6.0.3
491 silly saveTree | | | | | | `-- snapdragon-util@3.0.1
491 silly saveTree | | | | | |   `-- kind-of@3.2.2
491 silly saveTree | | | | | +-- snapdragon@0.8.2
491 silly saveTree | | | | | | +-- base@0.11.2
491 silly saveTree | | | | | | | +-- cache-base@1.0.1
491 silly saveTree | | | | | | | | +-- collection-visit@1.0.0
491 silly saveTree | | | | | | | | | +-- map-visit@1.0.0
491 silly saveTree | | | | | | | | | | `-- object-visit@1.0.1
491 silly saveTree | | | | | | | | | `-- object-visit@1.0.1
491 silly saveTree | | | | | | | | +-- component-emitter@1.3.0
491 silly saveTree | | | | | | | | +-- get-value@2.0.6
491 silly saveTree | | | | | | | | +-- has-value@1.0.0
491 silly saveTree | | | | | | | | | `-- has-values@1.0.0
491 silly saveTree | | | | | | | | |   `-- kind-of@4.0.0
491 silly saveTree | | | | | | | | +-- set-value@2.0.1
491 silly saveTree | | | | | | | | | +-- extend-shallow@2.0.1
491 silly saveTree | | | | | | | | | +-- is-plain-object@2.0.4
491 silly saveTree | | | | | | | | | `-- split-string@3.1.0
491 silly saveTree | | | | | | | | |   `-- extend-shallow@3.0.2
491 silly saveTree | | | | | | | | |     +-- assign-symbols@1.0.0
491 silly saveTree | | | | | | | | |     `-- is-extendable@1.0.1
491 silly saveTree | | | | | | | | +-- to-object-path@0.3.0
491 silly saveTree | | | | | | | | | `-- kind-of@3.2.2
491 silly saveTree | | | | | | | | +-- union-value@1.0.1
491 silly saveTree | | | | | | | | | `-- arr-union@3.1.0
491 silly saveTree | | | | | | | | `-- unset-value@1.0.0
491 silly saveTree | | | | | | | |   `-- has-value@0.3.1
491 silly saveTree | | | | | | | |     +-- has-values@0.1.4
491 silly saveTree | | | | | | | |     `-- isobject@2.1.0
491 silly saveTree | | | | | | | |       `-- isarray@1.0.0
491 silly saveTree | | | | | | | +-- class-utils@0.3.6
491 silly saveTree | | | | | | | | +-- define-property@0.2.5
491 silly saveTree | | | | | | | | | `-- is-descriptor@0.1.6
491 silly saveTree | | | | | | | | |   +-- is-accessor-descriptor@0.1.6
491 silly saveTree | | | | | | | | |   | `-- kind-of@3.2.2
491 silly saveTree | | | | | | | | |   +-- is-data-descriptor@0.1.4
491 silly saveTree | | | | | | | | |   | `-- kind-of@3.2.2
491 silly saveTree | | | | | | | | |   `-- kind-of@5.1.0
491 silly saveTree | | | | | | | | `-- static-extend@0.1.2
491 silly saveTree | | | | | | | |   +-- define-property@0.2.5
491 silly saveTree | | | | | | | |   `-- object-copy@0.1.0
491 silly saveTree | | | | | | | |     +-- copy-descriptor@0.1.1
491 silly saveTree | | | | | | | |     +-- define-property@0.2.5
491 silly saveTree | | | | | | | |     `-- kind-of@3.2.2
491 silly saveTree | | | | | | | +-- component-emitter@1.3.0
491 silly saveTree | | | | | | | +-- define-property@1.0.0
491 silly saveTree | | | | | | | | `-- is-descriptor@1.0.2
491 silly saveTree | | | | | | | |   +-- is-accessor-descriptor@1.0.0
491 silly saveTree | | | | | | | |   `-- is-data-descriptor@1.0.0
491 silly saveTree | | | | | | | +-- mixin-deep@1.3.2
491 silly saveTree | | | | | | | | +-- for-in@1.0.2
491 silly saveTree | | | | | | | | `-- is-extendable@1.0.1
491 silly saveTree | | | | | | | `-- pascalcase@0.1.1
491 silly saveTree | | | | | | +-- define-property@0.2.5
491 silly saveTree | | | | | | +-- extend-shallow@2.0.1
491 silly saveTree | | | | | | +-- map-cache@0.2.2
491 silly saveTree | | | | | | +-- source-map-resolve@0.5.3
491 silly saveTree | | | | | | | +-- atob@2.1.2
491 silly saveTree | | | | | | | +-- decode-uri-component@0.2.0
491 silly saveTree | | | | | | | +-- resolve-url@0.2.1
491 silly saveTree | | | | | | | +-- source-map-url@0.4.0
491 silly saveTree | | | | | | | `-- urix@0.1.0
491 silly saveTree | | | | | | +-- source-map@0.5.7
491 silly saveTree | | | | | | `-- use@3.1.1
491 silly saveTree | | | | | +-- split-string@3.1.0
491 silly saveTree | | | | | `-- to-regex@3.0.2
491 silly saveTree | | | | |   +-- define-property@2.0.2
491 silly saveTree | | | | |   | `-- is-descriptor@1.0.2
491 silly saveTree | | | | |   |   +-- is-accessor-descriptor@1.0.0
491 silly saveTree | | | | |   |   `-- is-data-descriptor@1.0.0
491 silly saveTree | | | | |   +-- regex-not@1.0.2
491 silly saveTree | | | | |   | `-- safe-regex@1.1.0
491 silly saveTree | | | | |   |   `-- ret@0.1.15
491 silly saveTree | | | | |   `-- safe-regex@1.1.0
491 silly saveTree | | | | +-- define-property@2.0.2
491 silly saveTree | | | | +-- extend-shallow@3.0.2
491 silly saveTree | | | | +-- extglob@2.0.4
491 silly saveTree | | | | | +-- define-property@1.0.0
491 silly saveTree | | | | | | `-- is-descriptor@1.0.2
491 silly saveTree | | | | | |   +-- is-accessor-descriptor@1.0.0
491 silly saveTree | | | | | |   `-- is-data-descriptor@1.0.0
491 silly saveTree | | | | | +-- expand-brackets@2.1.4
491 silly saveTree | | | | | | +-- define-property@0.2.5
491 silly saveTree | | | | | | +-- extend-shallow@2.0.1
491 silly saveTree | | | | | | `-- posix-character-classes@0.1.1
491 silly saveTree | | | | | +-- extend-shallow@2.0.1
491 silly saveTree | | | | | `-- fragment-cache@0.2.1
491 silly saveTree | | | | +-- fragment-cache@0.2.1
491 silly saveTree | | | | +-- kind-of@6.0.3
491 silly saveTree | | | | +-- nanomatch@1.2.13
491 silly saveTree | | | | | +-- is-windows@1.0.2
491 silly saveTree | | | | | `-- object.pick@1.3.0
491 silly saveTree | | | | +-- object.pick@1.3.0
491 silly saveTree | | | | +-- regex-not@1.0.2
491 silly saveTree | | | | +-- snapdragon@0.8.2
491 silly saveTree | | | | `-- to-regex@3.0.2
491 silly saveTree | | | `-- normalize-path@2.1.1
491 silly saveTree | | |   `-- remove-trailing-separator@1.1.0
491 silly saveTree | | +-- async-each@1.0.3
491 silly saveTree | | +-- braces@2.3.2
491 silly saveTree | | +-- fsevents@1.2.13
491 silly saveTree | | | +-- bindings@1.5.0
491 silly saveTree | | | | `-- file-uri-to-path@1.0.0
491 silly saveTree | | | `-- nan@2.14.2
491 silly saveTree | | +-- glob-parent@3.1.0
491 silly saveTree | | | +-- is-glob@3.1.0
491 silly saveTree | | | | `-- is-extglob@2.1.1
491 silly saveTree | | | `-- path-dirname@1.0.2
491 silly saveTree | | +-- is-binary-path@1.0.1
491 silly saveTree | | | `-- binary-extensions@1.13.1
491 silly saveTree | | +-- is-glob@4.0.1
491 silly saveTree | | +-- normalize-path@3.0.0
491 silly saveTree | | +-- path-is-absolute@1.0.1
491 silly saveTree | | +-- readdirp@2.2.1
491 silly saveTree | | | +-- graceful-fs@4.2.4
491 silly saveTree | | | `-- readable-stream@2.3.7
491 silly saveTree | | |   +-- core-util-is@1.0.2
491 silly saveTree | | |   +-- process-nextick-args@2.0.1
491 silly saveTree | | |   +-- string_decoder@1.1.1
491 silly saveTree | | |   `-- util-deprecate@1.0.2
491 silly saveTree | | `-- upath@1.2.0
491 silly saveTree | +-- debug@3.2.7
491 silly saveTree | | `-- ms@2.1.3
491 silly saveTree | +-- ignore-by-default@1.0.1
491 silly saveTree | +-- pstree.remy@1.1.8
491 silly saveTree | +-- semver@5.7.1
491 silly saveTree | +-- supports-color@5.5.0
491 silly saveTree | | `-- has-flag@3.0.0
491 silly saveTree | +-- touch@3.1.0
491 silly saveTree | | `-- nopt@1.0.10
491 silly saveTree | |   `-- abbrev@1.1.1
491 silly saveTree | +-- undefsafe@2.0.3
491 silly saveTree | `-- update-notifier@2.5.0
491 silly saveTree |   +-- boxen@1.3.0
491 silly saveTree |   | +-- ansi-align@2.0.0
491 silly saveTree |   | | `-- string-width@2.1.1
491 silly saveTree |   | |   +-- is-fullwidth-code-point@2.0.0
491 silly saveTree |   | |   `-- strip-ansi@4.0.0
491 silly saveTree |   | |     `-- ansi-regex@3.0.0
491 silly saveTree |   | +-- camelcase@4.1.0
491 silly saveTree |   | +-- chalk@2.4.2
491 silly saveTree |   | | +-- ansi-styles@3.2.1
491 silly saveTree |   | | | `-- color-convert@1.9.3
491 silly saveTree |   | | |   `-- color-name@1.1.3
491 silly saveTree |   | | `-- escape-string-regexp@1.0.5
491 silly saveTree |   | +-- cli-boxes@1.0.0
491 silly saveTree |   | +-- string-width@2.1.1
491 silly saveTree |   | +-- term-size@1.2.0
491 silly saveTree |   | | `-- execa@0.7.0
491 silly saveTree |   | |   +-- cross-spawn@5.1.0
491 silly saveTree |   | |   | +-- lru-cache@4.1.5
491 silly saveTree |   | |   | | +-- pseudomap@1.0.2
491 silly saveTree |   | |   | | `-- yallist@2.1.2
491 silly saveTree |   | |   | +-- shebang-command@1.2.0
491 silly saveTree |   | |   | | `-- shebang-regex@1.0.0
491 silly saveTree |   | |   | `-- which@1.3.1
491 silly saveTree |   | |   |   `-- isexe@2.0.0
491 silly saveTree |   | |   +-- get-stream@3.0.0
491 silly saveTree |   | |   +-- is-stream@1.1.0
491 silly saveTree |   | |   +-- npm-run-path@2.0.2
491 silly saveTree |   | |   | `-- path-key@2.0.1
491 silly saveTree |   | |   +-- p-finally@1.0.0
491 silly saveTree |   | |   +-- signal-exit@3.0.3
491 silly saveTree |   | |   `-- strip-eof@1.0.0
491 silly saveTree |   | `-- widest-line@2.0.1
491 silly saveTree |   +-- chalk@2.4.2
491 silly saveTree |   +-- configstore@3.1.5
491 silly saveTree |   | +-- dot-prop@4.2.1
491 silly saveTree |   | | `-- is-obj@1.0.1
491 silly saveTree |   | +-- make-dir@1.3.0
491 silly saveTree |   | | `-- pify@3.0.0
491 silly saveTree |   | +-- unique-string@1.0.0
491 silly saveTree |   | | `-- crypto-random-string@1.0.0
491 silly saveTree |   | +-- write-file-atomic@2.4.3
491 silly saveTree |   | | `-- imurmurhash@0.1.4
491 silly saveTree |   | `-- xdg-basedir@3.0.0
491 silly saveTree |   +-- import-lazy@2.1.0
491 silly saveTree |   +-- is-ci@1.2.1
491 silly saveTree |   | `-- ci-info@1.6.0
491 silly saveTree |   +-- is-installed-globally@0.1.0
491 silly saveTree |   | +-- global-dirs@0.1.1
491 silly saveTree |   | | `-- ini@1.3.8
491 silly saveTree |   | `-- is-path-inside@1.0.1
491 silly saveTree |   |   `-- path-is-inside@1.0.2
491 silly saveTree |   +-- is-npm@1.0.0
491 silly saveTree |   +-- latest-version@3.1.0
491 silly saveTree |   | `-- package-json@4.0.1
491 silly saveTree |   |   +-- got@6.7.1
491 silly saveTree |   |   | +-- create-error-class@3.0.2
491 silly saveTree |   |   | | `-- capture-stack-trace@1.0.1
491 silly saveTree |   |   | +-- duplexer3@0.1.4
491 silly saveTree |   |   | +-- is-redirect@1.0.0
491 silly saveTree |   |   | +-- is-retry-allowed@1.2.0
491 silly saveTree |   |   | +-- lowercase-keys@1.0.1
491 silly saveTree |   |   | +-- timed-out@4.0.1
491 silly saveTree |   |   | +-- unzip-response@2.0.1
491 silly saveTree |   |   | `-- url-parse-lax@1.0.0
491 silly saveTree |   |   |   `-- prepend-http@1.0.4
491 silly saveTree |   |   +-- registry-auth-token@3.4.0
491 silly saveTree |   |   | `-- rc@1.2.8
491 silly saveTree |   |   |   +-- deep-extend@0.6.0
491 silly saveTree |   |   |   `-- minimist@1.2.5
491 silly saveTree |   |   `-- registry-url@3.1.0
491 silly saveTree |   +-- semver-diff@2.1.0
491 silly saveTree |   `-- xdg-basedir@3.0.0
491 silly saveTree `-- sqlite3@4.0.2
491 silly saveTree   +-- nan@2.10.0
491 silly saveTree   +-- node-pre-gyp@0.10.3
491 silly saveTree   | +-- detect-libc@1.0.3
491 silly saveTree   | +-- mkdirp@0.5.5
491 silly saveTree   | +-- needle@2.6.0
491 silly saveTree   | | +-- debug@3.2.7
491 silly saveTree   | | | `-- ms@2.1.3
491 silly saveTree   | | `-- sax@1.2.4
491 silly saveTree   | +-- nopt@4.0.3
491 silly saveTree   | | `-- osenv@0.1.5
491 silly saveTree   | |   +-- os-homedir@1.0.2
491 silly saveTree   | |   `-- os-tmpdir@1.0.2
491 silly saveTree   | +-- npm-packlist@1.4.8
491 silly saveTree   | | +-- ignore-walk@3.0.3
491 silly saveTree   | | +-- npm-bundled@1.1.1
491 silly saveTree   | | | `-- npm-normalize-package-bin@1.0.1
491 silly saveTree   | | `-- npm-normalize-package-bin@1.0.1
491 silly saveTree   | +-- npmlog@4.1.2
491 silly saveTree   | | +-- are-we-there-yet@1.1.5
491 silly saveTree   | | | `-- delegates@1.0.0
491 silly saveTree   | | +-- console-control-strings@1.1.0
491 silly saveTree   | | +-- gauge@2.7.4
491 silly saveTree   | | | +-- aproba@1.2.0
491 silly saveTree   | | | +-- has-unicode@2.0.1
491 silly saveTree   | | | +-- string-width@1.0.2
491 silly saveTree   | | | | +-- code-point-at@1.1.0
491 silly saveTree   | | | | +-- is-fullwidth-code-point@1.0.0
491 silly saveTree   | | | | | `-- number-is-nan@1.0.1
491 silly saveTree   | | | | `-- strip-ansi@3.0.1
491 silly saveTree   | | | |   `-- ansi-regex@2.1.1
491 silly saveTree   | | | +-- strip-ansi@3.0.1
491 silly saveTree   | | | `-- wide-align@1.1.3
491 silly saveTree   | | `-- set-blocking@2.0.0
491 silly saveTree   | +-- rimraf@2.7.1
491 silly saveTree   | | `-- glob@7.1.6
491 silly saveTree   | |   +-- fs.realpath@1.0.0
491 silly saveTree   | |   +-- inflight@1.0.6
491 silly saveTree   | |   | +-- once@1.4.0
491 silly saveTree   | |   | | `-- wrappy@1.0.2
491 silly saveTree   | |   | `-- wrappy@1.0.2
491 silly saveTree   | |   `-- once@1.4.0
491 silly saveTree   | `-- tar@4.4.13
491 silly saveTree   |   +-- chownr@1.1.4
491 silly saveTree   |   +-- fs-minipass@1.2.7
491 silly saveTree   |   | `-- minipass@2.9.0
491 silly saveTree   |   |   +-- safe-buffer@5.2.1
491 silly saveTree   |   |   `-- yallist@3.1.1
491 silly saveTree   |   +-- minipass@2.9.0
491 silly saveTree   |   +-- minizlib@1.3.3
491 silly saveTree   |   +-- safe-buffer@5.2.1
491 silly saveTree   |   `-- yallist@3.1.1
491 silly saveTree   `-- request@2.88.2
491 silly saveTree     +-- aws-sign2@0.7.0
491 silly saveTree     +-- aws4@1.11.0
491 silly saveTree     +-- caseless@0.12.0
491 silly saveTree     +-- combined-stream@1.0.8
491 silly saveTree     | `-- delayed-stream@1.0.0
491 silly saveTree     +-- extend@3.0.2
491 silly saveTree     +-- forever-agent@0.6.1
491 silly saveTree     +-- form-data@2.3.3
491 silly saveTree     | `-- asynckit@0.4.0
491 silly saveTree     +-- har-validator@5.1.5
491 silly saveTree     | +-- ajv@6.12.6
491 silly saveTree     | | +-- fast-deep-equal@3.1.3
491 silly saveTree     | | +-- fast-json-stable-stringify@2.1.0
491 silly saveTree     | | +-- json-schema-traverse@0.4.1
491 silly saveTree     | | `-- uri-js@4.4.0
491 silly saveTree     | |   `-- punycode@2.1.1
491 silly saveTree     | `-- har-schema@2.0.0
491 silly saveTree     +-- http-signature@1.2.0
491 silly saveTree     | +-- assert-plus@1.0.0
491 silly saveTree     | +-- jsprim@1.4.1
491 silly saveTree     | | +-- extsprintf@1.3.0
491 silly saveTree     | | +-- json-schema@0.2.3
491 silly saveTree     | | `-- verror@1.10.0
491 silly saveTree     | `-- sshpk@1.16.1
491 silly saveTree     |   +-- asn1@0.2.4
491 silly saveTree     |   | `-- safer-buffer@2.1.2
491 silly saveTree     |   +-- bcrypt-pbkdf@1.0.2
491 silly saveTree     |   | `-- tweetnacl@0.14.5
491 silly saveTree     |   +-- dashdash@1.14.1
491 silly saveTree     |   +-- ecc-jsbn@0.1.2
491 silly saveTree     |   | `-- jsbn@0.1.1
491 silly saveTree     |   +-- getpass@0.1.7
491 silly saveTree     |   +-- jsbn@0.1.1
491 silly saveTree     |   +-- safer-buffer@2.1.2
491 silly saveTree     |   `-- tweetnacl@0.14.5
491 silly saveTree     +-- is-typedarray@1.0.0
491 silly saveTree     +-- isstream@0.1.2
491 silly saveTree     +-- json-stringify-safe@5.0.1
491 silly saveTree     +-- oauth-sign@0.9.0
491 silly saveTree     +-- performance-now@2.1.0
491 silly saveTree     +-- qs@6.5.2
491 silly saveTree     +-- safe-buffer@5.2.1
491 silly saveTree     +-- tough-cookie@2.5.0
491 silly saveTree     | `-- psl@1.8.0
491 silly saveTree     +-- tunnel-agent@0.6.0
491 silly saveTree     `-- uuid@3.4.0
492 warn 1@1.0.0 No repository field.
493 warn optional SKIPPING OPTIONAL DEPENDENCY: fsevents@1.2.13 (node_modules\fsevents):
494 warn notsup SKIPPING OPTIONAL DEPENDENCY: Unsupported platform for fsevents@1.2.13: wanted {"os":"darwin","arch":"any"} (current: {"os":"win32","arch":"x64"})
495 verbose notsup SKIPPING OPTIONAL DEPENDENCY: Valid OS:    darwin
495 verbose notsup SKIPPING OPTIONAL DEPENDENCY: Valid Arch:  any
495 verbose notsup SKIPPING OPTIONAL DEPENDENCY: Actual OS:   win32
495 verbose notsup SKIPPING OPTIONAL DEPENDENCY: Actual Arch: x64
496 verbose stack Error: sqlite3@4.0.2 install: `node-pre-gyp install --fallback-to-build`
496 verbose stack Exit status 1
496 verbose stack     at EventEmitter.<anonymous> (C:\Program Files\nodejs\node_modules\npm\node_modules\npm-lifecycle\index.js:332:16)
496 verbose stack     at EventEmitter.emit (events.js:315:20)
496 verbose stack     at ChildProcess.<anonymous> (C:\Program Files\nodejs\node_modules\npm\node_modules\npm-lifecycle\lib\spawn.js:55:14)
496 verbose stack     at ChildProcess.emit (events.js:315:20)
496 verbose stack     at maybeClose (internal/child_process.js:1021:16)
496 verbose stack     at Process.ChildProcess._handle.onexit (internal/child_process.js:286:5)
497 verbose pkgid sqlite3@4.0.2
498 verbose cwd C:\Users\User\OneDrive\Documentos\Aulas\node
499 verbose Windows_NT 10.0.20279
500 verbose argv "C:\\Program Files\\nodejs\\node.exe" "C:\\Program Files\\nodejs\\node_modules\\npm\\bin\\npm-cli.js" "install" "sqlite3@4.0.2" "--save-exact"
501 verbose node v12.18.4
502 verbose npm  v6.14.6
503 error code ELIFECYCLE
504 error errno 1
505 error sqlite3@4.0.2 install: `node-pre-gyp install --fallback-to-build`
505 error Exit status 1
506 error Failed at the sqlite3@4.0.2 install script.
506 error This is probably not a problem with npm. There is likely additional logging output above.
507 verbose exit [ 1, true ]
